<?xml version="1.0" encoding="UTF-8"?>
<coverage generated="1596090999521" clover="3.2.0">
  <project timestamp="1596090999521" name="All files">
    <metrics statements="247" coveredstatements="247" conditionals="72" coveredconditionals="72" methods="72" coveredmethods="72" elements="391" coveredelements="391" complexity="0" loc="247" ncloc="247" packages="19" files="21" classes="21"/>
    <package name="src">
      <metrics statements="0" coveredstatements="0" conditionals="0" coveredconditionals="0" methods="0" coveredmethods="0"/>
      <file name="types.ts" path="/home/runner/work/knapsack-playlist/knapsack-playlist/src/types.ts">
        <metrics statements="0" coveredstatements="0" conditionals="0" coveredconditionals="0" methods="0" coveredmethods="0"/>
      </file>
    </package>
    <package name="src.Algorithms.knapsack">
      <metrics statements="22" coveredstatements="22" conditionals="12" coveredconditionals="12" methods="2" coveredmethods="2"/>
      <file name="knapsack.ts" path="/home/runner/work/knapsack-playlist/knapsack-playlist/src/Algorithms/knapsack/knapsack.ts">
        <metrics statements="22" coveredstatements="22" conditionals="12" coveredconditionals="12" methods="2" coveredmethods="2"/>
        <line num="9" count="2" type="stmt"/>
        <line num="14" count="226594762" type="cond" truecount="2" falsecount="0"/>
        <line num="15" count="4004909" type="stmt"/>
        <line num="18" count="222589853" type="stmt"/>
        <line num="19" count="222589853" type="stmt"/>
        <line num="21" count="222589853" type="cond" truecount="2" falsecount="0"/>
        <line num="22" count="218584956" type="stmt"/>
        <line num="25" count="4004897" type="stmt"/>
        <line num="31" count="4004897" type="cond" truecount="2" falsecount="0"/>
        <line num="34" count="813419" type="stmt"/>
        <line num="37" count="3191478" type="stmt"/>
        <line num="38" count="3191478" type="stmt"/>
        <line num="47" count="2" type="stmt"/>
        <line num="48" count="34" type="stmt"/>
        <line num="49" count="34" type="stmt"/>
        <line num="52" count="34" type="cond" truecount="4" falsecount="0"/>
        <line num="53" count="8" type="stmt"/>
        <line num="57" count="26" type="cond" truecount="2" falsecount="0"/>
        <line num="59" count="14" type="stmt"/>
        <line num="60" count="157" type="stmt"/>
        <line num="63" count="14" type="stmt"/>
        <line num="66" count="12" type="stmt"/>
      </file>
    </package>
    <package name="src.Components.App">
      <metrics statements="26" coveredstatements="26" conditionals="6" coveredconditionals="6" methods="4" coveredmethods="4"/>
      <file name="App.tsx" path="/home/runner/work/knapsack-playlist/knapsack-playlist/src/Components/App/App.tsx">
        <metrics statements="26" coveredstatements="26" conditionals="6" coveredconditionals="6" methods="4" coveredmethods="4"/>
        <line num="23" count="1" type="stmt"/>
        <line num="25" count="1" type="stmt"/>
        <line num="31" count="45" type="stmt"/>
        <line num="34" count="45" type="stmt"/>
        <line num="35" count="45" type="stmt"/>
        <line num="36" count="45" type="stmt"/>
        <line num="39" count="45" type="stmt"/>
        <line num="40" count="45" type="stmt"/>
        <line num="42" count="45" type="stmt"/>
        <line num="43" count="5" type="cond" truecount="2" falsecount="0"/>
        <line num="44" count="1" type="stmt"/>
        <line num="45" count="1" type="stmt"/>
        <line num="46" count="1" type="stmt"/>
        <line num="47" count="1" type="stmt"/>
        <line num="51" count="45" type="stmt"/>
        <line num="61" count="7" type="stmt"/>
        <line num="62" count="7" type="stmt"/>
        <line num="64" count="7" type="stmt"/>
        <line num="65" count="7" type="stmt"/>
        <line num="66" count="7" type="stmt"/>
        <line num="68" count="7" type="stmt"/>
        <line num="69" count="7" type="stmt"/>
        <line num="79" count="1" type="stmt"/>
        <line num="80" count="1" type="stmt"/>
        <line num="81" count="1" type="stmt"/>
        <line num="82" count="1" type="stmt"/>
      </file>
    </package>
    <package name="src.Components.App.AppPlayer">
      <metrics statements="2" coveredstatements="2" conditionals="13" coveredconditionals="13" methods="1" coveredmethods="1"/>
      <file name="AppPlayer.tsx" path="/home/runner/work/knapsack-playlist/knapsack-playlist/src/Components/App/AppPlayer/AppPlayer.tsx">
        <metrics statements="2" coveredstatements="2" conditionals="13" coveredconditionals="13" methods="1" coveredmethods="1"/>
        <line num="14" count="2" type="stmt"/>
        <line num="20" count="11" type="stmt"/>
      </file>
    </package>
    <package name="src.Components.App.AppTitle">
      <metrics statements="2" coveredstatements="2" conditionals="0" coveredconditionals="0" methods="1" coveredmethods="1"/>
      <file name="AppTitle.tsx" path="/home/runner/work/knapsack-playlist/knapsack-playlist/src/Components/App/AppTitle/AppTitle.tsx">
        <metrics statements="2" coveredstatements="2" conditionals="0" coveredconditionals="0" methods="1" coveredmethods="1"/>
        <line num="4" count="2" type="stmt"/>
        <line num="5" count="6" type="stmt"/>
      </file>
    </package>
    <package name="src.Components.Duration">
      <metrics statements="6" coveredstatements="6" conditionals="8" coveredconditionals="8" methods="1" coveredmethods="1"/>
      <file name="Duration.tsx" path="/home/runner/work/knapsack-playlist/knapsack-playlist/src/Components/Duration/Duration.tsx">
        <metrics statements="6" coveredstatements="6" conditionals="8" coveredconditionals="8" methods="1" coveredmethods="1"/>
        <line num="7" count="9" type="stmt"/>
        <line num="8" count="84" type="stmt"/>
        <line num="9" count="84" type="stmt"/>
        <line num="12" count="84" type="cond" truecount="4" falsecount="0"/>
        <line num="15" count="84" type="cond" truecount="2" falsecount="0"/>
        <line num="19" count="84" type="stmt"/>
      </file>
    </package>
    <package name="src.Components.EntertainmentSystem">
      <metrics statements="29" coveredstatements="29" conditionals="6" coveredconditionals="6" methods="5" coveredmethods="5"/>
      <file name="EntertainmentSystem.tsx" path="/home/runner/work/knapsack-playlist/knapsack-playlist/src/Components/EntertainmentSystem/EntertainmentSystem.tsx">
        <metrics statements="29" coveredstatements="29" conditionals="6" coveredconditionals="6" methods="5" coveredmethods="5"/>
        <line num="15" count="3" type="stmt"/>
        <line num="16" count="22" type="stmt"/>
        <line num="17" count="22" type="stmt"/>
        <line num="20" count="22" type="stmt"/>
        <line num="21" count="22" type="stmt"/>
        <line num="22" count="22" type="stmt"/>
        <line num="24" count="22" type="stmt"/>
        <line num="25" count="4" type="stmt"/>
        <line num="26" count="4" type="stmt"/>
        <line num="27" count="4" type="stmt"/>
        <line num="29" count="4" type="stmt"/>
        <line num="31" count="4" type="stmt"/>
        <line num="32" count="4" type="stmt"/>
        <line num="35" count="22" type="cond" truecount="2" falsecount="0"/>
        <line num="36" count="2" type="stmt"/>
        <line num="39" count="20" type="stmt"/>
        <line num="48" count="3" type="stmt"/>
        <line num="49" count="3" type="stmt"/>
        <line num="51" count="3" type="stmt"/>
        <line num="53" count="3" type="cond" truecount="2" falsecount="0"/>
        <line num="54" count="2" type="stmt"/>
        <line num="55" count="2" type="stmt"/>
        <line num="57" count="1" type="stmt"/>
        <line num="58" count="1" type="stmt"/>
        <line num="62" count="1" type="stmt"/>
        <line num="63" count="2" type="stmt"/>
        <line num="64" count="1" type="stmt"/>
        <line num="65" count="1" type="stmt"/>
        <line num="66" count="1" type="stmt"/>
      </file>
    </package>
    <package name="src.Components.EntertainmentSystem.EntertainmentSystemContent">
      <metrics statements="2" coveredstatements="2" conditionals="4" coveredconditionals="4" methods="1" coveredmethods="1"/>
      <file name="EntertainmentSystemContent.tsx" path="/home/runner/work/knapsack-playlist/knapsack-playlist/src/Components/EntertainmentSystem/EntertainmentSystemContent/EntertainmentSystemContent.tsx">
        <metrics statements="2" coveredstatements="2" conditionals="4" coveredconditionals="4" methods="1" coveredmethods="1"/>
        <line num="20" count="4" type="stmt"/>
        <line num="30" count="15" type="stmt"/>
      </file>
    </package>
    <package name="src.Components.EntertainmentSystem.EntertainmentSystemLastSongPlayed">
      <metrics statements="2" coveredstatements="2" conditionals="0" coveredconditionals="0" methods="1" coveredmethods="1"/>
      <file name="EntertainmentSystemLastSongPlayed.tsx" path="/home/runner/work/knapsack-playlist/knapsack-playlist/src/Components/EntertainmentSystem/EntertainmentSystemLastSongPlayed/EntertainmentSystemLastSongPlayed.tsx">
        <metrics statements="2" coveredstatements="2" conditionals="0" coveredconditionals="0" methods="1" coveredmethods="1"/>
        <line num="3" count="4" type="stmt"/>
        <line num="4" count="1" type="stmt"/>
      </file>
    </package>
    <package name="src.Components.Generator">
      <metrics statements="30" coveredstatements="30" conditionals="4" coveredconditionals="4" methods="6" coveredmethods="6"/>
      <file name="Generator.tsx" path="/home/runner/work/knapsack-playlist/knapsack-playlist/src/Components/Generator/Generator.tsx">
        <metrics statements="30" coveredstatements="30" conditionals="4" coveredconditionals="4" methods="6" coveredmethods="6"/>
        <line num="14" count="2" type="stmt"/>
        <line num="19" count="11" type="stmt"/>
        <line num="20" count="11" type="stmt"/>
        <line num="22" count="11" type="stmt"/>
        <line num="23" count="11" type="stmt"/>
        <line num="24" count="11" type="stmt"/>
        <line num="25" count="11" type="stmt"/>
        <line num="26" count="11" type="stmt"/>
        <line num="27" count="11" type="stmt"/>
        <line num="28" count="11" type="stmt"/>
        <line num="29" count="11" type="stmt"/>
        <line num="30" count="11" type="stmt"/>
        <line num="31" count="11" type="stmt"/>
        <line num="33" count="11" type="stmt"/>
        <line num="34" count="11" type="stmt"/>
        <line num="35" count="11" type="stmt"/>
        <line num="36" count="11" type="stmt"/>
        <line num="37" count="11" type="stmt"/>
        <line num="38" count="11" type="stmt"/>
        <line num="39" count="11" type="stmt"/>
        <line num="40" count="11" type="stmt"/>
        <line num="41" count="11" type="stmt"/>
        <line num="43" count="11" type="stmt"/>
        <line num="47" count="3" type="stmt"/>
        <line num="65" count="99" type="stmt"/>
        <line num="72" count="1" type="stmt"/>
        <line num="73" count="1" type="stmt"/>
        <line num="91" count="88" type="stmt"/>
        <line num="98" count="1" type="stmt"/>
        <line num="99" count="1" type="stmt"/>
      </file>
    </package>
    <package name="src.Components.Picker">
      <metrics statements="30" coveredstatements="30" conditionals="4" coveredconditionals="4" methods="11" coveredmethods="11"/>
      <file name="Picker.tsx" path="/home/runner/work/knapsack-playlist/knapsack-playlist/src/Components/Picker/Picker.tsx">
        <metrics statements="30" coveredstatements="30" conditionals="4" coveredconditionals="4" methods="11" coveredmethods="11"/>
        <line num="21" count="2" type="stmt"/>
        <line num="22" count="21" type="stmt"/>
        <line num="23" count="21" type="stmt"/>
        <line num="24" count="21" type="stmt"/>
        <line num="25" count="21" type="stmt"/>
        <line num="27" count="21" type="stmt"/>
        <line num="28" count="4" type="stmt"/>
        <line num="29" count="4" type="stmt"/>
        <line num="31" count="4" type="cond" truecount="2" falsecount="0"/>
        <line num="32" count="1" type="stmt"/>
        <line num="34" count="1" type="stmt"/>
        <line num="36" count="1" type="stmt"/>
        <line num="38" count="3" type="stmt"/>
        <line num="39" count="3" type="stmt"/>
        <line num="42" count="4" type="stmt"/>
        <line num="45" count="21" type="stmt"/>
        <line num="48" count="3791" type="cond" truecount="2" falsecount="0"/>
        <line num="53" count="21" type="stmt"/>
        <line num="54" count="21" type="stmt"/>
        <line num="55" count="3787" type="stmt"/>
        <line num="58" count="21" type="stmt"/>
        <line num="60" count="21" type="stmt"/>
        <line num="63" count="4" type="stmt"/>
        <line num="64" count="4" type="stmt"/>
        <line num="76" count="1" type="stmt"/>
        <line num="98" count="1" type="stmt"/>
        <line num="99" count="1" type="stmt"/>
        <line num="107" count="1" type="stmt"/>
        <line num="117" count="102" type="stmt"/>
        <line num="119" count="4" type="stmt"/>
      </file>
    </package>
    <package name="src.Components.Picker.PickerItem">
      <metrics statements="5" coveredstatements="5" conditionals="2" coveredconditionals="2" methods="2" coveredmethods="2"/>
      <file name="PickerItem.tsx" path="/home/runner/work/knapsack-playlist/knapsack-playlist/src/Components/Picker/PickerItem/PickerItem.tsx">
        <metrics statements="5" coveredstatements="5" conditionals="2" coveredconditionals="2" methods="2" coveredmethods="2"/>
        <line num="14" count="3" type="stmt"/>
        <line num="15" count="55" type="stmt"/>
        <line num="17" count="55" type="stmt"/>
        <line num="21" count="1" type="stmt"/>
        <line num="22" count="1" type="stmt"/>
      </file>
    </package>
    <package name="src.Components.Player">
      <metrics statements="2" coveredstatements="2" conditionals="0" coveredconditionals="0" methods="1" coveredmethods="1"/>
      <file name="Player.tsx" path="/home/runner/work/knapsack-playlist/knapsack-playlist/src/Components/Player/Player.tsx">
        <metrics statements="2" coveredstatements="2" conditionals="0" coveredconditionals="0" methods="1" coveredmethods="1"/>
        <line num="9" count="5" type="stmt"/>
        <line num="10" count="13" type="stmt"/>
      </file>
    </package>
    <package name="src.Components.Playlist">
      <metrics statements="3" coveredstatements="3" conditionals="0" coveredconditionals="0" methods="2" coveredmethods="2"/>
      <file name="Playlist.tsx" path="/home/runner/work/knapsack-playlist/knapsack-playlist/src/Components/Playlist/Playlist.tsx">
        <metrics statements="3" coveredstatements="3" conditionals="0" coveredconditionals="0" methods="2" coveredmethods="2"/>
        <line num="15" count="5" type="stmt"/>
        <line num="16" count="12" type="stmt"/>
        <line num="21" count="18" type="stmt"/>
      </file>
    </package>
    <package name="src.Components.Playlist.PlaylistItem">
      <metrics statements="2" coveredstatements="2" conditionals="0" coveredconditionals="0" methods="2" coveredmethods="2"/>
      <file name="PlaylistItem.tsx" path="/home/runner/work/knapsack-playlist/knapsack-playlist/src/Components/Playlist/PlaylistItem/PlaylistItem.tsx">
        <metrics statements="2" coveredstatements="2" conditionals="0" coveredconditionals="0" methods="2" coveredmethods="2"/>
        <line num="12" count="6" type="stmt"/>
        <line num="13" count="20" type="stmt"/>
      </file>
    </package>
    <package name="src.Datastructures.ArrayList">
      <metrics statements="46" coveredstatements="46" conditionals="8" coveredconditionals="8" methods="13" coveredmethods="13"/>
      <file name="ArrayList.ts" path="/home/runner/work/knapsack-playlist/knapsack-playlist/src/Datastructures/ArrayList/ArrayList.ts">
        <metrics statements="46" coveredstatements="46" conditionals="8" coveredconditionals="8" methods="13" coveredmethods="13"/>
        <line num="10" count="4005393" type="stmt"/>
        <line num="11" count="4005393" type="stmt"/>
        <line num="16" count="3234163" type="stmt"/>
        <line num="23" count="1808154" type="stmt"/>
        <line num="25" count="1808154" type="stmt"/>
        <line num="26" count="22894" type="stmt"/>
        <line num="29" count="1808154" type="stmt"/>
        <line num="34" count="3234163" type="cond" truecount="2" falsecount="0"/>
        <line num="35" count="1808154" type="stmt"/>
        <line num="38" count="3234163" type="stmt"/>
        <line num="39" count="3234163" type="stmt"/>
        <line num="45" count="46" type="stmt"/>
        <line num="47" count="46" type="stmt"/>
        <line num="49" count="46" type="stmt"/>
        <line num="50" count="3267" type="stmt"/>
        <line num="53" count="46" type="stmt"/>
        <line num="59" count="11" type="stmt"/>
        <line num="60" count="11" type="stmt"/>
        <line num="66" count="75" type="stmt"/>
        <line num="67" count="75" type="stmt"/>
        <line num="69" count="75" type="stmt"/>
        <line num="70" count="10631" type="stmt"/>
        <line num="73" count="75" type="stmt"/>
        <line num="79" count="25" type="stmt"/>
        <line num="80" count="25" type="stmt"/>
        <line num="82" count="25" type="stmt"/>
        <line num="83" count="3800" type="cond" truecount="2" falsecount="0"/>
        <line num="84" count="3791" type="stmt"/>
        <line num="88" count="25" type="stmt"/>
        <line num="94" count="6" type="stmt"/>
        <line num="96" count="6" type="stmt"/>
        <line num="97" count="6" type="cond" truecount="2" falsecount="0"/>
        <line num="98" count="2" type="stmt"/>
        <line num="102" count="4" type="stmt"/>
        <line num="107" count="10" type="stmt"/>
        <line num="109" count="10" type="stmt"/>
        <line num="110" count="10" type="stmt"/>
        <line num="111" count="5162" type="stmt"/>
        <line num="114" count="10" type="stmt"/>
        <line num="119" count="3651762" type="stmt"/>
        <line num="124" count="222597039" type="stmt"/>
        <line num="135" count="8010211" type="stmt"/>
        <line num="136" count="8010211" type="stmt"/>
        <line num="137" count="11459963" type="cond" truecount="2" falsecount="0"/>
        <line num="138" count="7425961" type="stmt"/>
        <line num="142" count="8010211" type="stmt"/>
      </file>
    </package>
    <package name="src.Datastructures.queue">
      <metrics statements="12" coveredstatements="12" conditionals="2" coveredconditionals="2" methods="9" coveredmethods="9"/>
      <file name="queue.ts" path="/home/runner/work/knapsack-playlist/knapsack-playlist/src/Datastructures/queue/queue.ts">
        <metrics statements="12" coveredstatements="12" conditionals="2" coveredconditionals="2" methods="9" coveredmethods="9"/>
        <line num="9" count="4005143" type="stmt"/>
        <line num="14" count="90" type="stmt"/>
        <line num="19" count="152" type="stmt"/>
        <line num="25" count="8009946" type="stmt"/>
        <line num="31" count="222590036" type="stmt"/>
        <line num="37" count="13" type="stmt"/>
        <line num="43" count="62" type="cond" truecount="2" falsecount="0"/>
        <line num="45" count="62" type="stmt"/>
        <line num="46" count="3215" type="stmt"/>
        <line num="53" count="4005143" type="stmt"/>
        <line num="54" count="3207233" type="stmt"/>
        <line num="60" count="10" type="stmt"/>
      </file>
    </package>
    <package name="src.Models.Youtube">
      <metrics statements="5" coveredstatements="5" conditionals="0" coveredconditionals="0" methods="1" coveredmethods="1"/>
      <file name="Youtube.ts" path="/home/runner/work/knapsack-playlist/knapsack-playlist/src/Models/Youtube/Youtube.ts">
        <metrics statements="5" coveredstatements="5" conditionals="0" coveredconditionals="0" methods="1" coveredmethods="1"/>
        <line num="4" count="3" type="stmt"/>
        <line num="2702" count="3" type="stmt"/>
        <line num="2704" count="3" type="stmt"/>
        <line num="2705" count="2205" type="stmt"/>
        <line num="2708" count="12" type="stmt"/>
      </file>
    </package>
    <package name="src.Utils">
      <metrics statements="21" coveredstatements="21" conditionals="3" coveredconditionals="3" methods="9" coveredmethods="9"/>
      <file name="math.ts" path="/home/runner/work/knapsack-playlist/knapsack-playlist/src/Utils/math.ts">
        <metrics statements="11" coveredstatements="11" conditionals="2" coveredconditionals="2" methods="4" coveredmethods="4"/>
        <line num="5" count="7394778" type="stmt"/>
        <line num="7" count="12" type="stmt"/>
        <line num="8" count="8009950" type="stmt"/>
        <line num="12" count="12" type="stmt"/>
        <line num="13" count="5162" type="stmt"/>
        <line num="15" count="5162" type="stmt"/>
        <line num="17" count="5162" type="stmt"/>
        <line num="19" count="5162" type="cond" truecount="2" falsecount="0"/>
        <line num="22" count="12" type="stmt"/>
        <line num="23" count="5162" type="stmt"/>
        <line num="25" count="5162" type="stmt"/>
      </file>
      <file name="testHelpers.ts" path="/home/runner/work/knapsack-playlist/knapsack-playlist/src/Utils/testHelpers.ts">
        <metrics statements="5" coveredstatements="5" conditionals="1" coveredconditionals="1" methods="1" coveredmethods="1"/>
        <line num="4" count="3" type="cond" truecount="1" falsecount="0"/>
        <line num="5" count="9" type="stmt"/>
        <line num="7" count="9" type="stmt"/>
        <line num="8" count="10130" type="stmt"/>
        <line num="14" count="9" type="stmt"/>
      </file>
      <file name="utils.ts" path="/home/runner/work/knapsack-playlist/knapsack-playlist/src/Utils/utils.ts">
        <metrics statements="5" coveredstatements="5" conditionals="0" coveredconditionals="0" methods="4" coveredmethods="4"/>
        <line num="5" count="2" type="stmt"/>
        <line num="9" count="9" type="stmt"/>
        <line num="10" count="5159" type="stmt"/>
        <line num="11" count="5434" type="stmt"/>
        <line num="13" count="5159" type="stmt"/>
      </file>
    </package>
  </project>
</coverage>
