<?xml version="1.0" encoding="UTF-8"?>
<coverage generated="1595348392619" clover="3.2.0">
  <project timestamp="1595348392619" name="All files">
    <metrics statements="18" coveredstatements="18" conditionals="10" coveredconditionals="10" methods="6" coveredmethods="6" elements="34" coveredelements="34" complexity="0" loc="18" ncloc="18" packages="5" files="5" classes="5"/>
    <package name="src">
      <metrics statements="0" coveredstatements="0" conditionals="0" coveredconditionals="0" methods="0" coveredmethods="0"/>
      <file name="types.ts" path="/home/runner/work/knapsack-playlist/knapsack-playlist/src/types.ts">
        <metrics statements="0" coveredstatements="0" conditionals="0" coveredconditionals="0" methods="0" coveredmethods="0"/>
      </file>
    </package>
    <package name="src.Algorithms.knapsack">
      <metrics statements="12" coveredstatements="12" conditionals="10" coveredconditionals="10" methods="2" coveredmethods="2"/>
      <file name="knapsack.ts" path="/home/runner/work/knapsack-playlist/knapsack-playlist/src/Algorithms/knapsack/knapsack.ts">
        <metrics statements="12" coveredstatements="12" conditionals="10" coveredconditionals="10" methods="2" coveredmethods="2"/>
        <line num="4" count="1" type="stmt"/>
        <line num="9" count="13603855" type="cond" truecount="2" falsecount="0"/>
        <line num="10" count="6558152" type="stmt"/>
        <line num="13" count="7045703" type="stmt"/>
        <line num="14" count="7045703" type="cond" truecount="2" falsecount="0"/>
        <line num="15" count="487577" type="stmt"/>
        <line num="18" count="6558126" type="stmt"/>
        <line num="24" count="6558126" type="cond" truecount="2" falsecount="0"/>
        <line num="30" count="1" type="stmt"/>
        <line num="31" count="33" type="cond" truecount="4" falsecount="0"/>
        <line num="32" count="7" type="stmt"/>
        <line num="35" count="26" type="stmt"/>
      </file>
    </package>
    <package name="src.Components.App">
      <metrics statements="2" coveredstatements="2" conditionals="0" coveredconditionals="0" methods="1" coveredmethods="1"/>
      <file name="App.tsx" path="/home/runner/work/knapsack-playlist/knapsack-playlist/src/Components/App/App.tsx">
        <metrics statements="2" coveredstatements="2" conditionals="0" coveredconditionals="0" methods="1" coveredmethods="1"/>
        <line num="7" count="1" type="stmt"/>
        <line num="8" count="1" type="stmt"/>
      </file>
    </package>
    <package name="src.Models.Youtube">
      <metrics statements="2" coveredstatements="2" conditionals="0" coveredconditionals="0" methods="1" coveredmethods="1"/>
      <file name="Youtube.ts" path="/home/runner/work/knapsack-playlist/knapsack-playlist/src/Models/Youtube/Youtube.ts">
        <metrics statements="2" coveredstatements="2" conditionals="0" coveredconditionals="0" methods="1" coveredmethods="1"/>
        <line num="3" count="2" type="stmt"/>
        <line num="619" count="11" type="stmt"/>
      </file>
    </package>
    <package name="src.Utils">
      <metrics statements="2" coveredstatements="2" conditionals="0" coveredconditionals="0" methods="2" coveredmethods="2"/>
      <file name="math.ts" path="/home/runner/work/knapsack-playlist/knapsack-playlist/src/Utils/math.ts">
        <metrics statements="2" coveredstatements="2" conditionals="0" coveredconditionals="0" methods="2" coveredmethods="2"/>
        <line num="3" count="12578530" type="stmt"/>
        <line num="5" count="13116275" type="stmt"/>
      </file>
    </package>
  </project>
</coverage>
