{"/home/runner/work/knapsack-playlist/knapsack-playlist/src/types.ts": {"path":"/home/runner/work/knapsack-playlist/knapsack-playlist/src/types.ts","statementMap":{},"fnMap":{},"branchMap":{},"s":{},"f":{},"b":{},"hash":"ba488b85e29ca8e8b63c3126280f082b213d817c"}
,"/home/runner/work/knapsack-playlist/knapsack-playlist/src/Algorithms/knapsack/knapsack.ts": {"path":"/home/runner/work/knapsack-playlist/knapsack-playlist/src/Algorithms/knapsack/knapsack.ts","statementMap":{"0":{"start":{"line":9,"column":26},"end":{"line":39,"column":1}},"1":{"start":{"line":14,"column":2},"end":{"line":16,"column":3}},"2":{"start":{"line":15,"column":4},"end":{"line":15,"column":23}},"3":{"start":{"line":18,"column":23},"end":{"line":18,"column":37}},"4":{"start":{"line":19,"column":34},"end":{"line":19,"column":79}},"5":{"start":{"line":21,"column":2},"end":{"line":23,"column":3}},"6":{"start":{"line":22,"column":4},"end":{"line":22,"column":35}},"7":{"start":{"line":25,"column":37},"end":{"line":29,"column":3}},"8":{"start":{"line":31,"column":2},"end":{"line":35,"column":3}},"9":{"start":{"line":34,"column":4},"end":{"line":34,"column":35}},"10":{"start":{"line":37,"column":2},"end":{"line":37,"column":51}},"11":{"start":{"line":38,"column":2},"end":{"line":38,"column":36}},"12":{"start":{"line":47,"column":17},"end":{"line":67,"column":1}},"13":{"start":{"line":48,"column":16},"end":{"line":48,"column":27}},"14":{"start":{"line":49,"column":21},"end":{"line":49,"column":34}},"15":{"start":{"line":52,"column":2},"end":{"line":54,"column":3}},"16":{"start":{"line":53,"column":4},"end":{"line":53,"column":17}},"17":{"start":{"line":57,"column":2},"end":{"line":64,"column":3}},"18":{"start":{"line":59,"column":4},"end":{"line":61,"column":5}},"19":{"start":{"line":59,"column":17},"end":{"line":59,"column":18}},"20":{"start":{"line":60,"column":6},"end":{"line":60,"column":32}},"21":{"start":{"line":63,"column":4},"end":{"line":63,"column":17}},"22":{"start":{"line":66,"column":2},"end":{"line":66,"column":60}}},"fnMap":{"0":{"name":"(anonymous_0)","decl":{"start":{"line":9,"column":26},"end":{"line":9,"column":27}},"loc":{"start":{"line":13,"column":12},"end":{"line":39,"column":1}},"line":13},"1":{"name":"(anonymous_1)","decl":{"start":{"line":47,"column":17},"end":{"line":47,"column":18}},"loc":{"start":{"line":47,"column":60},"end":{"line":67,"column":1}},"line":47}},"branchMap":{"0":{"loc":{"start":{"line":14,"column":2},"end":{"line":16,"column":3}},"type":"if","locations":[{"start":{"line":14,"column":2},"end":{"line":16,"column":3}},{"start":{"line":14,"column":2},"end":{"line":16,"column":3}}],"line":14},"1":{"loc":{"start":{"line":21,"column":2},"end":{"line":23,"column":3}},"type":"if","locations":[{"start":{"line":21,"column":2},"end":{"line":23,"column":3}},{"start":{"line":21,"column":2},"end":{"line":23,"column":3}}],"line":21},"2":{"loc":{"start":{"line":31,"column":2},"end":{"line":35,"column":3}},"type":"if","locations":[{"start":{"line":31,"column":2},"end":{"line":35,"column":3}},{"start":{"line":31,"column":2},"end":{"line":35,"column":3}}],"line":31},"3":{"loc":{"start":{"line":52,"column":2},"end":{"line":54,"column":3}},"type":"if","locations":[{"start":{"line":52,"column":2},"end":{"line":54,"column":3}},{"start":{"line":52,"column":2},"end":{"line":54,"column":3}}],"line":52},"4":{"loc":{"start":{"line":52,"column":6},"end":{"line":52,"column":40}},"type":"binary-expr","locations":[{"start":{"line":52,"column":6},"end":{"line":52,"column":20}},{"start":{"line":52,"column":24},"end":{"line":52,"column":40}}],"line":52},"5":{"loc":{"start":{"line":57,"column":2},"end":{"line":64,"column":3}},"type":"if","locations":[{"start":{"line":57,"column":2},"end":{"line":64,"column":3}},{"start":{"line":57,"column":2},"end":{"line":64,"column":3}}],"line":57}},"s":{"0":2,"1":226594762,"2":4004909,"3":222589853,"4":222589853,"5":222589853,"6":218584956,"7":4004897,"8":4004897,"9":813419,"10":3191478,"11":3191478,"12":2,"13":34,"14":34,"15":34,"16":8,"17":26,"18":14,"19":14,"20":157,"21":14,"22":12},"f":{"0":226594762,"1":34},"b":{"0":[4004909,222589853],"1":[218584956,4004897],"2":[813419,3191478],"3":[8,26],"4":[34,28],"5":[14,12]},"_coverageSchema":"43e27e138ebf9cfc5966b082cf9a028302ed4184","hash":"3d57e63414f6428a5d80248e6aef816add4373ef"}
,"/home/runner/work/knapsack-playlist/knapsack-playlist/src/Components/App/App.tsx": {"path":"/home/runner/work/knapsack-playlist/knapsack-playlist/src/Components/App/App.tsx","statementMap":{"0":{"start":{"line":23,"column":14},"end":{"line":23,"column":28}},"1":{"start":{"line":25,"column":29},"end":{"line":101,"column":1}},"2":{"start":{"line":31,"column":46},"end":{"line":33,"column":3}},"3":{"start":{"line":34,"column":34},"end":{"line":34,"column":66}},"4":{"start":{"line":35,"column":34},"end":{"line":35,"column":68}},"5":{"start":{"line":36,"column":54},"end":{"line":38,"column":3}},"6":{"start":{"line":39,"column":36},"end":{"line":39,"column":64}},"7":{"start":{"line":40,"column":48},"end":{"line":40,"column":72}},"8":{"start":{"line":42,"column":2},"end":{"line":49,"column":54}},"9":{"start":{"line":43,"column":4},"end":{"line":48,"column":5}},"10":{"start":{"line":44,"column":6},"end":{"line":44,"column":55}},"11":{"start":{"line":45,"column":6},"end":{"line":45,"column":25}},"12":{"start":{"line":46,"column":6},"end":{"line":46,"column":35}},"13":{"start":{"line":47,"column":6},"end":{"line":47,"column":31}},"14":{"start":{"line":51,"column":2},"end":{"line":100,"column":4}},"15":{"start":{"line":61,"column":12},"end":{"line":61,"column":30}},"16":{"start":{"line":62,"column":12},"end":{"line":62,"column":52}},"17":{"start":{"line":64,"column":32},"end":{"line":64,"column":70}},"18":{"start":{"line":65,"column":33},"end":{"line":65,"column":44}},"19":{"start":{"line":66,"column":12},"end":{"line":66,"column":44}},"20":{"start":{"line":68,"column":12},"end":{"line":68,"column":39}},"21":{"start":{"line":69,"column":12},"end":{"line":69,"column":40}},"22":{"start":{"line":79,"column":16},"end":{"line":79,"column":34}},"23":{"start":{"line":80,"column":16},"end":{"line":80,"column":35}},"24":{"start":{"line":81,"column":16},"end":{"line":81,"column":42}},"25":{"start":{"line":82,"column":16},"end":{"line":82,"column":44}}},"fnMap":{"0":{"name":"(anonymous_0)","decl":{"start":{"line":25,"column":29},"end":{"line":25,"column":30}},"loc":{"start":{"line":30,"column":13},"end":{"line":101,"column":1}},"line":30},"1":{"name":"(anonymous_1)","decl":{"start":{"line":42,"column":12},"end":{"line":42,"column":13}},"loc":{"start":{"line":42,"column":18},"end":{"line":49,"column":3}},"line":42},"2":{"name":"(anonymous_2)","decl":{"start":{"line":60,"column":20},"end":{"line":60,"column":21}},"loc":{"start":{"line":60,"column":31},"end":{"line":70,"column":11}},"line":60},"3":{"name":"(anonymous_3)","decl":{"start":{"line":78,"column":24},"end":{"line":78,"column":25}},"loc":{"start":{"line":78,"column":46},"end":{"line":83,"column":15}},"line":78}},"branchMap":{"0":{"loc":{"start":{"line":26,"column":2},"end":{"line":26,"column":27}},"type":"default-arg","locations":[{"start":{"line":26,"column":26},"end":{"line":26,"column":27}}],"line":26},"1":{"loc":{"start":{"line":27,"column":2},"end":{"line":27,"column":25}},"type":"default-arg","locations":[{"start":{"line":27,"column":20},"end":{"line":27,"column":25}}],"line":27},"2":{"loc":{"start":{"line":28,"column":2},"end":{"line":28,"column":31}},"type":"default-arg","locations":[{"start":{"line":28,"column":20},"end":{"line":28,"column":31}}],"line":28},"3":{"loc":{"start":{"line":29,"column":2},"end":{"line":29,"column":35}},"type":"default-arg","locations":[{"start":{"line":29,"column":30},"end":{"line":29,"column":35}}],"line":29},"4":{"loc":{"start":{"line":43,"column":4},"end":{"line":48,"column":5}},"type":"if","locations":[{"start":{"line":43,"column":4},"end":{"line":48,"column":5}},{"start":{"line":43,"column":4},"end":{"line":48,"column":5}}],"line":43}},"s":{"0":1,"1":1,"2":45,"3":45,"4":45,"5":45,"6":45,"7":45,"8":45,"9":5,"10":1,"11":1,"12":1,"13":1,"14":45,"15":7,"16":7,"17":7,"18":7,"19":7,"20":7,"21":7,"22":1,"23":1,"24":1,"25":1},"f":{"0":45,"1":5,"2":7,"3":1},"b":{"0":[28],"1":[30],"2":[28],"3":[28],"4":[1,4]},"_coverageSchema":"43e27e138ebf9cfc5966b082cf9a028302ed4184","hash":"2b0c895dc3e7056ee2359e5dd135d25aec458934"}
,"/home/runner/work/knapsack-playlist/knapsack-playlist/src/Components/App/AppPlayer/AppPlayer.tsx": {"path":"/home/runner/work/knapsack-playlist/knapsack-playlist/src/Components/App/AppPlayer/AppPlayer.tsx","statementMap":{"0":{"start":{"line":14,"column":35},"end":{"line":40,"column":1}},"1":{"start":{"line":20,"column":2},"end":{"line":39,"column":14}}},"fnMap":{"0":{"name":"(anonymous_0)","decl":{"start":{"line":14,"column":35},"end":{"line":14,"column":36}},"loc":{"start":{"line":20,"column":2},"end":{"line":39,"column":14}},"line":20}},"branchMap":{"0":{"loc":{"start":{"line":21,"column":5},"end":{"line":23,"column":5}},"type":"binary-expr","locations":[{"start":{"line":21,"column":5},"end":{"line":21,"column":25}},{"start":{"line":22,"column":6},"end":{"line":22,"column":58}}],"line":21},"1":{"loc":{"start":{"line":25,"column":5},"end":{"line":28,"column":75}},"type":"binary-expr","locations":[{"start":{"line":25,"column":5},"end":{"line":25,"column":23}},{"start":{"line":26,"column":6},"end":{"line":26,"column":21}},{"start":{"line":27,"column":6},"end":{"line":27,"column":15}},{"start":{"line":28,"column":6},"end":{"line":28,"column":24}},{"start":{"line":28,"column":28},"end":{"line":28,"column":75}}],"line":25},"2":{"loc":{"start":{"line":30,"column":5},"end":{"line":35,"column":5}},"type":"binary-expr","locations":[{"start":{"line":30,"column":5},"end":{"line":30,"column":13}},{"start":{"line":31,"column":6},"end":{"line":34,"column":9}}],"line":30},"3":{"loc":{"start":{"line":36,"column":5},"end":{"line":38,"column":5}},"type":"binary-expr","locations":[{"start":{"line":36,"column":5},"end":{"line":36,"column":23}},{"start":{"line":36,"column":27},"end":{"line":36,"column":35}},{"start":{"line":36,"column":39},"end":{"line":36,"column":60}},{"start":{"line":37,"column":6},"end":{"line":37,"column":69}}],"line":36}},"s":{"0":2,"1":11},"f":{"0":11},"b":{"0":[11,4],"1":[11,7,3,2,1],"2":[11,3],"3":[11,7,7,4]},"_coverageSchema":"43e27e138ebf9cfc5966b082cf9a028302ed4184","hash":"632141a5add9c95721134771e10883bcbd5b19d2"}
,"/home/runner/work/knapsack-playlist/knapsack-playlist/src/Components/App/AppTitle/AppTitle.tsx": {"path":"/home/runner/work/knapsack-playlist/knapsack-playlist/src/Components/App/AppTitle/AppTitle.tsx","statementMap":{"0":{"start":{"line":4,"column":27},"end":{"line":14,"column":1}},"1":{"start":{"line":5,"column":2},"end":{"line":13,"column":14}}},"fnMap":{"0":{"name":"(anonymous_0)","decl":{"start":{"line":4,"column":27},"end":{"line":4,"column":28}},"loc":{"start":{"line":5,"column":2},"end":{"line":13,"column":14}},"line":5}},"branchMap":{},"s":{"0":2,"1":6},"f":{"0":6},"b":{},"_coverageSchema":"43e27e138ebf9cfc5966b082cf9a028302ed4184","hash":"80b81af6900451af6809594057c2f5e397949d53"}
,"/home/runner/work/knapsack-playlist/knapsack-playlist/src/Components/Duration/Duration.tsx": {"path":"/home/runner/work/knapsack-playlist/knapsack-playlist/src/Components/Duration/Duration.tsx","statementMap":{"0":{"start":{"line":7,"column":34},"end":{"line":24,"column":1}},"1":{"start":{"line":8,"column":18},"end":{"line":8,"column":42}},"2":{"start":{"line":9,"column":25},"end":{"line":9,"column":47}},"3":{"start":{"line":12,"column":4},"end":{"line":12,"column":69}},"4":{"start":{"line":15,"column":4},"end":{"line":17,"column":10}},"5":{"start":{"line":19,"column":2},"end":{"line":23,"column":4}}},"fnMap":{"0":{"name":"(anonymous_0)","decl":{"start":{"line":7,"column":34},"end":{"line":7,"column":35}},"loc":{"start":{"line":7,"column":58},"end":{"line":24,"column":1}},"line":7}},"branchMap":{"0":{"loc":{"start":{"line":12,"column":4},"end":{"line":12,"column":69}},"type":"cond-expr","locations":[{"start":{"line":12,"column":18},"end":{"line":12,"column":64}},{"start":{"line":12,"column":67},"end":{"line":12,"column":69}}],"line":12},"1":{"loc":{"start":{"line":12,"column":38},"end":{"line":12,"column":62}},"type":"cond-expr","locations":[{"start":{"line":12,"column":54},"end":{"line":12,"column":57}},{"start":{"line":12,"column":60},"end":{"line":12,"column":62}}],"line":12},"2":{"loc":{"start":{"line":15,"column":4},"end":{"line":17,"column":10}},"type":"cond-expr","locations":[{"start":{"line":16,"column":8},"end":{"line":16,"column":68}},{"start":{"line":17,"column":8},"end":{"line":17,"column":10}}],"line":15},"3":{"loc":{"start":{"line":16,"column":35},"end":{"line":16,"column":66}},"type":"cond-expr","locations":[{"start":{"line":16,"column":58},"end":{"line":16,"column":61}},{"start":{"line":16,"column":64},"end":{"line":16,"column":66}}],"line":16}},"s":{"0":9,"1":84,"2":84,"3":84,"4":84,"5":84},"f":{"0":84},"b":{"0":[80,4],"1":[54,26],"2":[57,27],"3":[55,2]},"_coverageSchema":"43e27e138ebf9cfc5966b082cf9a028302ed4184","hash":"f02db03a88dd9bb2ef434cd17b0454599460d9d0"}
,"/home/runner/work/knapsack-playlist/knapsack-playlist/src/Components/EntertainmentSystem/EntertainmentSystem.tsx": {"path":"/home/runner/work/knapsack-playlist/knapsack-playlist/src/Components/EntertainmentSystem/EntertainmentSystem.tsx","statementMap":{"0":{"start":{"line":15,"column":45},"end":{"line":70,"column":1}},"1":{"start":{"line":16,"column":34},"end":{"line":16,"column":55}},"2":{"start":{"line":17,"column":40},"end":{"line":19,"column":3}},"3":{"start":{"line":20,"column":46},"end":{"line":20,"column":70}},"4":{"start":{"line":21,"column":25},"end":{"line":21,"column":39}},"5":{"start":{"line":22,"column":15},"end":{"line":22,"column":38}},"6":{"start":{"line":24,"column":2},"end":{"line":33,"column":13}},"7":{"start":{"line":25,"column":28},"end":{"line":25,"column":39}},"8":{"start":{"line":26,"column":4},"end":{"line":26,"column":32}},"9":{"start":{"line":27,"column":22},"end":{"line":27,"column":47}},"10":{"start":{"line":29,"column":4},"end":{"line":29,"column":30}},"11":{"start":{"line":31,"column":4},"end":{"line":31,"column":33}},"12":{"start":{"line":32,"column":4},"end":{"line":32,"column":29}},"13":{"start":{"line":35,"column":2},"end":{"line":37,"column":3}},"14":{"start":{"line":36,"column":4},"end":{"line":36,"column":49}},"15":{"start":{"line":39,"column":2},"end":{"line":69,"column":4}},"16":{"start":{"line":48,"column":25},"end":{"line":48,"column":36}},"17":{"start":{"line":49,"column":8},"end":{"line":49,"column":33}},"18":{"start":{"line":51,"column":25},"end":{"line":51,"column":43}},"19":{"start":{"line":53,"column":8},"end":{"line":59,"column":9}},"20":{"start":{"line":54,"column":10},"end":{"line":54,"column":35}},"21":{"start":{"line":55,"column":10},"end":{"line":55,"column":32}},"22":{"start":{"line":57,"column":10},"end":{"line":57,"column":34}},"23":{"start":{"line":58,"column":10},"end":{"line":58,"column":35}},"24":{"start":{"line":62,"column":22},"end":{"line":62,"column":33}},"25":{"start":{"line":63,"column":29},"end":{"line":63,"column":78}},"26":{"start":{"line":63,"column":63},"end":{"line":63,"column":77}},"27":{"start":{"line":64,"column":8},"end":{"line":64,"column":34}},"28":{"start":{"line":65,"column":8},"end":{"line":65,"column":27}},"29":{"start":{"line":66,"column":8},"end":{"line":66,"column":29}}},"fnMap":{"0":{"name":"(anonymous_0)","decl":{"start":{"line":15,"column":45},"end":{"line":15,"column":46}},"loc":{"start":{"line":15,"column":74},"end":{"line":70,"column":1}},"line":15},"1":{"name":"(anonymous_1)","decl":{"start":{"line":24,"column":12},"end":{"line":24,"column":13}},"loc":{"start":{"line":24,"column":18},"end":{"line":33,"column":3}},"line":24},"2":{"name":"(anonymous_2)","decl":{"start":{"line":47,"column":13},"end":{"line":47,"column":14}},"loc":{"start":{"line":47,"column":19},"end":{"line":60,"column":7}},"line":47},"3":{"name":"(anonymous_3)","decl":{"start":{"line":61,"column":16},"end":{"line":61,"column":17}},"loc":{"start":{"line":61,"column":26},"end":{"line":67,"column":7}},"line":61},"4":{"name":"(anonymous_4)","decl":{"start":{"line":63,"column":51},"end":{"line":63,"column":52}},"loc":{"start":{"line":63,"column":63},"end":{"line":63,"column":77}},"line":63}},"branchMap":{"0":{"loc":{"start":{"line":35,"column":2},"end":{"line":37,"column":3}},"type":"if","locations":[{"start":{"line":35,"column":2},"end":{"line":37,"column":3}},{"start":{"line":35,"column":2},"end":{"line":37,"column":3}}],"line":35},"1":{"loc":{"start":{"line":43,"column":19},"end":{"line":43,"column":69}},"type":"binary-expr","locations":[{"start":{"line":43,"column":19},"end":{"line":43,"column":30}},{"start":{"line":43,"column":34},"end":{"line":43,"column":69}}],"line":43},"2":{"loc":{"start":{"line":53,"column":8},"end":{"line":59,"column":9}},"type":"if","locations":[{"start":{"line":53,"column":8},"end":{"line":59,"column":9}},{"start":{"line":53,"column":8},"end":{"line":59,"column":9}}],"line":53}},"s":{"0":3,"1":22,"2":22,"3":22,"4":22,"5":22,"6":22,"7":4,"8":4,"9":4,"10":4,"11":4,"12":4,"13":22,"14":2,"15":20,"16":3,"17":3,"18":3,"19":3,"20":2,"21":2,"22":1,"23":1,"24":1,"25":1,"26":2,"27":1,"28":1,"29":1},"f":{"0":22,"1":4,"2":3,"3":1,"4":2},"b":{"0":[2,20],"1":[20,2],"2":[2,1]},"_coverageSchema":"43e27e138ebf9cfc5966b082cf9a028302ed4184","hash":"65dc4e8c30cfd2ef3f079ea60d83e730bee98c2f"}
,"/home/runner/work/knapsack-playlist/knapsack-playlist/src/Components/EntertainmentSystem/EntertainmentSystemContent/EntertainmentSystemContent.tsx": {"path":"/home/runner/work/knapsack-playlist/knapsack-playlist/src/Components/EntertainmentSystem/EntertainmentSystemContent/EntertainmentSystemContent.tsx","statementMap":{"0":{"start":{"line":20,"column":52},"end":{"line":74,"column":1}},"1":{"start":{"line":30,"column":2},"end":{"line":73,"column":5}}},"fnMap":{"0":{"name":"(anonymous_0)","decl":{"start":{"line":20,"column":52},"end":{"line":20,"column":53}},"loc":{"start":{"line":30,"column":2},"end":{"line":73,"column":5}},"line":30}},"branchMap":{"0":{"loc":{"start":{"line":40,"column":9},"end":{"line":51,"column":9}},"type":"binary-expr","locations":[{"start":{"line":40,"column":9},"end":{"line":40,"column":19}},{"start":{"line":41,"column":10},"end":{"line":50,"column":19}}],"line":40},"1":{"loc":{"start":{"line":52,"column":9},"end":{"line":57,"column":9}},"type":"binary-expr","locations":[{"start":{"line":52,"column":9},"end":{"line":52,"column":17}},{"start":{"line":53,"column":10},"end":{"line":56,"column":13}}],"line":52}},"s":{"0":4,"1":15},"f":{"0":15},"b":{"0":[15,10],"1":[15,5]},"_coverageSchema":"43e27e138ebf9cfc5966b082cf9a028302ed4184","hash":"da794d910ed4a5476ad7a3bc9548d387e5fde5e0"}
,"/home/runner/work/knapsack-playlist/knapsack-playlist/src/Components/EntertainmentSystem/EntertainmentSystemLastSongPlayed/EntertainmentSystemLastSongPlayed.tsx": {"path":"/home/runner/work/knapsack-playlist/knapsack-playlist/src/Components/EntertainmentSystem/EntertainmentSystemLastSongPlayed/EntertainmentSystemLastSongPlayed.tsx","statementMap":{"0":{"start":{"line":3,"column":52},"end":{"line":7,"column":1}},"1":{"start":{"line":4,"column":2},"end":{"line":6,"column":7}}},"fnMap":{"0":{"name":"(anonymous_0)","decl":{"start":{"line":3,"column":52},"end":{"line":3,"column":53}},"loc":{"start":{"line":4,"column":2},"end":{"line":6,"column":7}},"line":4}},"branchMap":{},"s":{"0":4,"1":1},"f":{"0":1},"b":{},"_coverageSchema":"43e27e138ebf9cfc5966b082cf9a028302ed4184","hash":"1201e17fb8737060a83cb23b81b43ef946c83719"}
,"/home/runner/work/knapsack-playlist/knapsack-playlist/src/Components/Generator/Generator.tsx": {"path":"/home/runner/work/knapsack-playlist/knapsack-playlist/src/Components/Generator/Generator.tsx","statementMap":{"0":{"start":{"line":12,"column":35},"end":{"line":96,"column":1}},"1":{"start":{"line":17,"column":40},"end":{"line":17,"column":59}},"2":{"start":{"line":18,"column":46},"end":{"line":18,"column":65}},"3":{"start":{"line":20,"column":33},"end":{"line":20,"column":79}},"4":{"start":{"line":21,"column":35},"end":{"line":30,"column":3}},"5":{"start":{"line":32,"column":2},"end":{"line":95,"column":4}},"6":{"start":{"line":36,"column":10},"end":{"line":36,"column":52}},"7":{"start":{"line":53,"column":14},"end":{"line":65,"column":23}},"8":{"start":{"line":60,"column":18},"end":{"line":60,"column":39}},"9":{"start":{"line":61,"column":18},"end":{"line":61,"column":66}},"10":{"start":{"line":77,"column":14},"end":{"line":89,"column":23}},"11":{"start":{"line":84,"column":18},"end":{"line":84,"column":44}},"12":{"start":{"line":85,"column":18},"end":{"line":85,"column":68}}},"fnMap":{"0":{"name":"(anonymous_0)","decl":{"start":{"line":12,"column":35},"end":{"line":12,"column":36}},"loc":{"start":{"line":16,"column":13},"end":{"line":96,"column":1}},"line":16},"1":{"name":"(anonymous_1)","decl":{"start":{"line":35,"column":18},"end":{"line":35,"column":19}},"loc":{"start":{"line":35,"column":24},"end":{"line":37,"column":9}},"line":35},"2":{"name":"(anonymous_2)","decl":{"start":{"line":52,"column":40},"end":{"line":52,"column":41}},"loc":{"start":{"line":53,"column":14},"end":{"line":65,"column":23}},"line":53},"3":{"name":"(anonymous_3)","decl":{"start":{"line":59,"column":25},"end":{"line":59,"column":26}},"loc":{"start":{"line":59,"column":31},"end":{"line":62,"column":17}},"line":59},"4":{"name":"(anonymous_4)","decl":{"start":{"line":76,"column":42},"end":{"line":76,"column":43}},"loc":{"start":{"line":77,"column":14},"end":{"line":89,"column":23}},"line":77},"5":{"name":"(anonymous_5)","decl":{"start":{"line":83,"column":25},"end":{"line":83,"column":26}},"loc":{"start":{"line":83,"column":31},"end":{"line":86,"column":17}},"line":83}},"branchMap":{"0":{"loc":{"start":{"line":57,"column":18},"end":{"line":57,"column":56}},"type":"cond-expr","locations":[{"start":{"line":57,"column":41},"end":{"line":57,"column":51}},{"start":{"line":57,"column":54},"end":{"line":57,"column":56}}],"line":57},"1":{"loc":{"start":{"line":81,"column":18},"end":{"line":81,"column":61}},"type":"cond-expr","locations":[{"start":{"line":81,"column":46},"end":{"line":81,"column":56}},{"start":{"line":81,"column":59},"end":{"line":81,"column":61}}],"line":81}},"s":{"0":2,"1":11,"2":11,"3":11,"4":11,"5":11,"6":3,"7":99,"8":1,"9":1,"10":88,"11":1,"12":1},"f":{"0":11,"1":3,"2":99,"3":1,"4":88,"5":1},"b":{"0":[1,98],"1":[1,87]},"_coverageSchema":"43e27e138ebf9cfc5966b082cf9a028302ed4184","hash":"54b3fb597ec6fa2bb624d1c26abe45589fa53737"}
,"/home/runner/work/knapsack-playlist/knapsack-playlist/src/Components/Picker/Picker.tsx": {"path":"/home/runner/work/knapsack-playlist/knapsack-playlist/src/Components/Picker/Picker.tsx","statementMap":{"0":{"start":{"line":20,"column":32},"end":{"line":121,"column":1}},"1":{"start":{"line":21,"column":46},"end":{"line":21,"column":68}},"2":{"start":{"line":22,"column":30},"end":{"line":22,"column":50}},"3":{"start":{"line":23,"column":40},"end":{"line":23,"column":59}},"4":{"start":{"line":24,"column":42},"end":{"line":24,"column":70}},"5":{"start":{"line":26,"column":26},"end":{"line":42,"column":3}},"6":{"start":{"line":27,"column":22},"end":{"line":27,"column":73}},"7":{"start":{"line":27,"column":58},"end":{"line":27,"column":72}},"8":{"start":{"line":28,"column":18},"end":{"line":28,"column":29}},"9":{"start":{"line":30,"column":4},"end":{"line":39,"column":5}},"10":{"start":{"line":31,"column":27},"end":{"line":33,"column":43}},"11":{"start":{"line":33,"column":28},"end":{"line":33,"column":42}},"12":{"start":{"line":35,"column":6},"end":{"line":35,"column":32}},"13":{"start":{"line":37,"column":6},"end":{"line":37,"column":32}},"14":{"start":{"line":38,"column":6},"end":{"line":38,"column":26}},"15":{"start":{"line":41,"column":4},"end":{"line":41,"column":27}},"16":{"start":{"line":44,"column":23},"end":{"line":50,"column":5}},"17":{"start":{"line":47,"column":6},"end":{"line":49,"column":14}},"18":{"start":{"line":52,"column":23},"end":{"line":52,"column":25}},"19":{"start":{"line":54,"column":2},"end":{"line":120,"column":4}},"20":{"start":{"line":57,"column":8},"end":{"line":57,"column":31}},"21":{"start":{"line":58,"column":8},"end":{"line":58,"column":65}},"22":{"start":{"line":70,"column":10},"end":{"line":70,"column":50}},"23":{"start":{"line":92,"column":10},"end":{"line":92,"column":34}},"24":{"start":{"line":93,"column":10},"end":{"line":93,"column":28}},"25":{"start":{"line":101,"column":12},"end":{"line":101,"column":51}},"26":{"start":{"line":111,"column":14},"end":{"line":115,"column":16}},"27":{"start":{"line":113,"column":31},"end":{"line":113,"column":52}}},"fnMap":{"0":{"name":"(anonymous_0)","decl":{"start":{"line":20,"column":32},"end":{"line":20,"column":33}},"loc":{"start":{"line":20,"column":63},"end":{"line":121,"column":1}},"line":20},"1":{"name":"(anonymous_1)","decl":{"start":{"line":26,"column":26},"end":{"line":26,"column":27}},"loc":{"start":{"line":26,"column":49},"end":{"line":42,"column":3}},"line":26},"2":{"name":"(anonymous_2)","decl":{"start":{"line":27,"column":46},"end":{"line":27,"column":47}},"loc":{"start":{"line":27,"column":58},"end":{"line":27,"column":72}},"line":27},"3":{"name":"(anonymous_3)","decl":{"start":{"line":33,"column":16},"end":{"line":33,"column":17}},"loc":{"start":{"line":33,"column":28},"end":{"line":33,"column":42}},"line":33},"4":{"name":"(anonymous_4)","decl":{"start":{"line":46,"column":12},"end":{"line":46,"column":13}},"loc":{"start":{"line":47,"column":6},"end":{"line":49,"column":14}},"line":47},"5":{"name":"(anonymous_5)","decl":{"start":{"line":56,"column":16},"end":{"line":56,"column":17}},"loc":{"start":{"line":56,"column":27},"end":{"line":59,"column":7}},"line":56},"6":{"name":"(anonymous_6)","decl":{"start":{"line":69,"column":18},"end":{"line":69,"column":19}},"loc":{"start":{"line":69,"column":34},"end":{"line":71,"column":9}},"line":69},"7":{"name":"(anonymous_7)","decl":{"start":{"line":91,"column":18},"end":{"line":91,"column":19}},"loc":{"start":{"line":91,"column":34},"end":{"line":94,"column":9}},"line":91},"8":{"name":"(anonymous_8)","decl":{"start":{"line":100,"column":24},"end":{"line":100,"column":25}},"loc":{"start":{"line":100,"column":51},"end":{"line":102,"column":11}},"line":100},"9":{"name":"(anonymous_9)","decl":{"start":{"line":110,"column":17},"end":{"line":110,"column":18}},"loc":{"start":{"line":111,"column":14},"end":{"line":115,"column":16}},"line":111},"10":{"name":"(anonymous_10)","decl":{"start":{"line":113,"column":25},"end":{"line":113,"column":26}},"loc":{"start":{"line":113,"column":31},"end":{"line":113,"column":52}},"line":113}},"branchMap":{"0":{"loc":{"start":{"line":30,"column":4},"end":{"line":39,"column":5}},"type":"if","locations":[{"start":{"line":30,"column":4},"end":{"line":39,"column":5}},{"start":{"line":30,"column":4},"end":{"line":39,"column":5}}],"line":30},"1":{"loc":{"start":{"line":47,"column":6},"end":{"line":49,"column":14}},"type":"cond-expr","locations":[{"start":{"line":48,"column":10},"end":{"line":48,"column":65}},{"start":{"line":49,"column":10},"end":{"line":49,"column":14}}],"line":47}},"s":{"0":2,"1":21,"2":21,"3":21,"4":21,"5":21,"6":4,"7":1,"8":4,"9":4,"10":1,"11":1,"12":1,"13":3,"14":3,"15":4,"16":21,"17":3791,"18":21,"19":21,"20":4,"21":4,"22":1,"23":1,"24":1,"25":1,"26":102,"27":4},"f":{"0":21,"1":4,"2":1,"3":1,"4":3791,"5":4,"6":1,"7":1,"8":1,"9":102,"10":4},"b":{"0":[1,3],"1":[4,3787]},"_coverageSchema":"43e27e138ebf9cfc5966b082cf9a028302ed4184","hash":"dd2f081b2aa39dd47ba2eed068cd96317641219d"}
,"/home/runner/work/knapsack-playlist/knapsack-playlist/src/Components/Picker/PickerItem/PickerItem.tsx": {"path":"/home/runner/work/knapsack-playlist/knapsack-playlist/src/Components/Picker/PickerItem/PickerItem.tsx","statementMap":{"0":{"start":{"line":14,"column":36},"end":{"line":35,"column":1}},"1":{"start":{"line":15,"column":34},"end":{"line":15,"column":58}},"2":{"start":{"line":17,"column":2},"end":{"line":34,"column":4}},"3":{"start":{"line":21,"column":8},"end":{"line":21,"column":31}},"4":{"start":{"line":22,"column":8},"end":{"line":22,"column":22}}},"fnMap":{"0":{"name":"(anonymous_0)","decl":{"start":{"line":14,"column":36},"end":{"line":14,"column":37}},"loc":{"start":{"line":14,"column":66},"end":{"line":35,"column":1}},"line":14},"1":{"name":"(anonymous_1)","decl":{"start":{"line":20,"column":15},"end":{"line":20,"column":16}},"loc":{"start":{"line":20,"column":21},"end":{"line":23,"column":7}},"line":20}},"branchMap":{"0":{"loc":{"start":{"line":24,"column":17},"end":{"line":24,"column":50}},"type":"cond-expr","locations":[{"start":{"line":24,"column":28},"end":{"line":24,"column":45}},{"start":{"line":24,"column":48},"end":{"line":24,"column":50}}],"line":24}},"s":{"0":3,"1":55,"2":55,"3":1,"4":1},"f":{"0":55,"1":1},"b":{"0":[1,54]},"_coverageSchema":"43e27e138ebf9cfc5966b082cf9a028302ed4184","hash":"2ccc4f81869f3c7342cc91538d9d141a578db3e9"}
,"/home/runner/work/knapsack-playlist/knapsack-playlist/src/Components/Player/Player.tsx": {"path":"/home/runner/work/knapsack-playlist/knapsack-playlist/src/Components/Player/Player.tsx","statementMap":{"0":{"start":{"line":9,"column":32},"end":{"line":11,"column":1}},"1":{"start":{"line":10,"column":2},"end":{"line":10,"column":79}}},"fnMap":{"0":{"name":"(anonymous_0)","decl":{"start":{"line":9,"column":32},"end":{"line":9,"column":33}},"loc":{"start":{"line":10,"column":2},"end":{"line":10,"column":79}},"line":10}},"branchMap":{},"s":{"0":5,"1":13},"f":{"0":13},"b":{},"_coverageSchema":"43e27e138ebf9cfc5966b082cf9a028302ed4184","hash":"ce68be48a03c1e8d43c6b80b954a4d328aa6a697"}
,"/home/runner/work/knapsack-playlist/knapsack-playlist/src/Components/Playlist/Playlist.tsx": {"path":"/home/runner/work/knapsack-playlist/knapsack-playlist/src/Components/Playlist/Playlist.tsx","statementMap":{"0":{"start":{"line":15,"column":34},"end":{"line":23,"column":1}},"1":{"start":{"line":16,"column":2},"end":{"line":22,"column":8}},"2":{"start":{"line":19,"column":8},"end":{"line":19,"column":69}}},"fnMap":{"0":{"name":"(anonymous_0)","decl":{"start":{"line":15,"column":34},"end":{"line":15,"column":35}},"loc":{"start":{"line":16,"column":2},"end":{"line":22,"column":8}},"line":16},"1":{"name":"(anonymous_1)","decl":{"start":{"line":18,"column":22},"end":{"line":18,"column":23}},"loc":{"start":{"line":19,"column":8},"end":{"line":19,"column":69}},"line":19}},"branchMap":{},"s":{"0":5,"1":12,"2":18},"f":{"0":12,"1":18},"b":{},"_coverageSchema":"43e27e138ebf9cfc5966b082cf9a028302ed4184","hash":"5562ce023788559edd151bf5c55b066617b374b0"}
,"/home/runner/work/knapsack-playlist/knapsack-playlist/src/Components/Playlist/PlaylistItem/PlaylistItem.tsx": {"path":"/home/runner/work/knapsack-playlist/knapsack-playlist/src/Components/Playlist/PlaylistItem/PlaylistItem.tsx","statementMap":{"0":{"start":{"line":12,"column":38},"end":{"line":22,"column":1}},"1":{"start":{"line":13,"column":2},"end":{"line":21,"column":9}},"2":{"start":{"line":13,"column":30},"end":{"line":13,"column":43}}},"fnMap":{"0":{"name":"(anonymous_0)","decl":{"start":{"line":12,"column":38},"end":{"line":12,"column":39}},"loc":{"start":{"line":13,"column":2},"end":{"line":21,"column":9}},"line":13},"1":{"name":"(anonymous_1)","decl":{"start":{"line":13,"column":24},"end":{"line":13,"column":25}},"loc":{"start":{"line":13,"column":30},"end":{"line":13,"column":43}},"line":13}},"branchMap":{},"s":{"0":6,"1":20,"2":1},"f":{"0":20,"1":1},"b":{},"_coverageSchema":"43e27e138ebf9cfc5966b082cf9a028302ed4184","hash":"64e598219cc9001f65ac9cf50231f7d91e1e15df"}
,"/home/runner/work/knapsack-playlist/knapsack-playlist/src/Datastructures/queue/queue.ts": {"path":"/home/runner/work/knapsack-playlist/knapsack-playlist/src/Datastructures/queue/queue.ts","statementMap":{"0":{"start":{"line":5,"column":32},"end":{"line":5,"column":34}},"1":{"start":{"line":8,"column":4},"end":{"line":8,"column":21}},"2":{"start":{"line":12,"column":4},"end":{"line":12,"column":28}},"3":{"start":{"line":17,"column":4},"end":{"line":17,"column":33}},"4":{"start":{"line":22,"column":4},"end":{"line":22,"column":28}},"5":{"start":{"line":27,"column":4},"end":{"line":27,"column":39}},"6":{"start":{"line":32,"column":19},"end":{"line":32,"column":60}},"7":{"start":{"line":34,"column":4},"end":{"line":36,"column":5}},"8":{"start":{"line":34,"column":17},"end":{"line":34,"column":18}},"9":{"start":{"line":35,"column":6},"end":{"line":35,"column":30}},"10":{"start":{"line":41,"column":12},"end":{"line":43,"column":3}},"11":{"start":{"line":42,"column":4},"end":{"line":42,"column":26}},"12":{"start":{"line":47,"column":4},"end":{"line":47,"column":29}}},"fnMap":{"0":{"name":"(anonymous_0)","decl":{"start":{"line":7,"column":2},"end":{"line":7,"column":3}},"loc":{"start":{"line":7,"column":23},"end":{"line":9,"column":3}},"line":7},"1":{"name":"(anonymous_1)","decl":{"start":{"line":11,"column":2},"end":{"line":11,"column":3}},"loc":{"start":{"line":11,"column":19},"end":{"line":13,"column":3}},"line":11},"2":{"name":"(anonymous_2)","decl":{"start":{"line":16,"column":2},"end":{"line":16,"column":3}},"loc":{"start":{"line":16,"column":20},"end":{"line":18,"column":3}},"line":16},"3":{"name":"(anonymous_3)","decl":{"start":{"line":21,"column":2},"end":{"line":21,"column":3}},"loc":{"start":{"line":21,"column":33},"end":{"line":23,"column":3}},"line":21},"4":{"name":"(anonymous_4)","decl":{"start":{"line":26,"column":2},"end":{"line":26,"column":3}},"loc":{"start":{"line":26,"column":52},"end":{"line":28,"column":3}},"line":26},"5":{"name":"(anonymous_5)","decl":{"start":{"line":31,"column":2},"end":{"line":31,"column":3}},"loc":{"start":{"line":31,"column":43},"end":{"line":37,"column":3}},"line":31},"6":{"name":"(anonymous_6)","decl":{"start":{"line":41,"column":12},"end":{"line":41,"column":13}},"loc":{"start":{"line":41,"column":42},"end":{"line":43,"column":3}},"line":41},"7":{"name":"(anonymous_7)","decl":{"start":{"line":46,"column":2},"end":{"line":46,"column":3}},"loc":{"start":{"line":46,"column":37},"end":{"line":48,"column":3}},"line":46}},"branchMap":{"0":{"loc":{"start":{"line":32,"column":19},"end":{"line":32,"column":60}},"type":"cond-expr","locations":[{"start":{"line":32,"column":43},"end":{"line":32,"column":53}},{"start":{"line":32,"column":56},"end":{"line":32,"column":60}}],"line":32}},"s":{"0":4005143,"1":90,"2":152,"3":8009946,"4":222590036,"5":13,"6":62,"7":62,"8":62,"9":3215,"10":4005143,"11":3207233,"12":10},"f":{"0":90,"1":152,"2":8009946,"3":222590036,"4":13,"5":62,"6":3207233,"7":10},"b":{"0":[12,50]},"_coverageSchema":"43e27e138ebf9cfc5966b082cf9a028302ed4184","hash":"d25a4d93b070b0ae49a50ab949c644ad5fdeba06"}
,"/home/runner/work/knapsack-playlist/knapsack-playlist/src/Models/Youtube/Youtube.ts": {"path":"/home/runner/work/knapsack-playlist/knapsack-playlist/src/Models/Youtube/Youtube.ts","statementMap":{"0":{"start":{"line":4,"column":29},"end":{"line":2700,"column":1}},"1":{"start":{"line":2702,"column":14},"end":{"line":2702,"column":25}},"2":{"start":{"line":2704,"column":0},"end":{"line":2706,"column":1}},"3":{"start":{"line":2704,"column":13},"end":{"line":2704,"column":14}},"4":{"start":{"line":2705,"column":2},"end":{"line":2705,"column":26}},"5":{"start":{"line":2708,"column":21},"end":{"line":2708,"column":39}},"6":{"start":{"line":2708,"column":34},"end":{"line":2708,"column":39}}},"fnMap":{"0":{"name":"(anonymous_0)","decl":{"start":{"line":2708,"column":21},"end":{"line":2708,"column":22}},"loc":{"start":{"line":2708,"column":34},"end":{"line":2708,"column":39}},"line":2708}},"branchMap":{},"s":{"0":3,"1":3,"2":3,"3":3,"4":2205,"5":3,"6":12},"f":{"0":12},"b":{},"_coverageSchema":"43e27e138ebf9cfc5966b082cf9a028302ed4184","hash":"1215b4cc579d91f95615cbe592128fadde892ef1"}
,"/home/runner/work/knapsack-playlist/knapsack-playlist/src/Utils/math.ts": {"path":"/home/runner/work/knapsack-playlist/knapsack-playlist/src/Utils/math.ts","statementMap":{"0":{"start":{"line":3,"column":19},"end":{"line":3,"column":79}},"1":{"start":{"line":3,"column":68},"end":{"line":3,"column":79}},"2":{"start":{"line":5,"column":26},"end":{"line":6,"column":28}},"3":{"start":{"line":6,"column":2},"end":{"line":6,"column":28}},"4":{"start":{"line":8,"column":22},"end":{"line":8,"column":49}},"5":{"start":{"line":8,"column":36},"end":{"line":8,"column":49}}},"fnMap":{"0":{"name":"(anonymous_0)","decl":{"start":{"line":3,"column":19},"end":{"line":3,"column":20}},"loc":{"start":{"line":3,"column":68},"end":{"line":3,"column":79}},"line":3},"1":{"name":"(anonymous_1)","decl":{"start":{"line":5,"column":26},"end":{"line":5,"column":27}},"loc":{"start":{"line":6,"column":2},"end":{"line":6,"column":28}},"line":6},"2":{"name":"(anonymous_2)","decl":{"start":{"line":8,"column":22},"end":{"line":8,"column":23}},"loc":{"start":{"line":8,"column":36},"end":{"line":8,"column":49}},"line":8}},"branchMap":{},"s":{"0":12,"1":7394778,"2":12,"3":8009950,"4":12,"5":5160},"f":{"0":7394778,"1":8009950,"2":5160},"b":{},"_coverageSchema":"43e27e138ebf9cfc5966b082cf9a028302ed4184","hash":"5215215c8ddb1c980aba9ee15ea64e57052755a1"}
,"/home/runner/work/knapsack-playlist/knapsack-playlist/src/Utils/testHelpers.ts": {"path":"/home/runner/work/knapsack-playlist/knapsack-playlist/src/Utils/testHelpers.ts","statementMap":{"0":{"start":{"line":4,"column":25},"end":{"line":15,"column":1}},"1":{"start":{"line":5,"column":16},"end":{"line":5,"column":27}},"2":{"start":{"line":7,"column":2},"end":{"line":13,"column":3}},"3":{"start":{"line":7,"column":15},"end":{"line":7,"column":16}},"4":{"start":{"line":8,"column":4},"end":{"line":12,"column":7}},"5":{"start":{"line":14,"column":2},"end":{"line":14,"column":15}}},"fnMap":{"0":{"name":"(anonymous_0)","decl":{"start":{"line":4,"column":25},"end":{"line":4,"column":26}},"loc":{"start":{"line":4,"column":60},"end":{"line":15,"column":1}},"line":4}},"branchMap":{"0":{"loc":{"start":{"line":4,"column":37},"end":{"line":4,"column":48}},"type":"default-arg","locations":[{"start":{"line":4,"column":47},"end":{"line":4,"column":48}}],"line":4}},"s":{"0":3,"1":9,"2":9,"3":9,"4":10130,"5":9},"f":{"0":9},"b":{"0":[1]},"_coverageSchema":"43e27e138ebf9cfc5966b082cf9a028302ed4184","hash":"54b4be80a832a38462bf47fdee12a67b6b21633c"}
,"/home/runner/work/knapsack-playlist/knapsack-playlist/src/Utils/utils.ts": {"path":"/home/runner/work/knapsack-playlist/knapsack-playlist/src/Utils/utils.ts","statementMap":{"0":{"start":{"line":4,"column":15},"end":{"line":10,"column":17}},"1":{"start":{"line":5,"column":2},"end":{"line":10,"column":17}},"2":{"start":{"line":6,"column":20},"end":{"line":6,"column":47}},"3":{"start":{"line":7,"column":20},"end":{"line":7,"column":35}},"4":{"start":{"line":9,"column":33},"end":{"line":9,"column":44}}},"fnMap":{"0":{"name":"(anonymous_0)","decl":{"start":{"line":4,"column":15},"end":{"line":4,"column":16}},"loc":{"start":{"line":5,"column":2},"end":{"line":10,"column":17}},"line":5},"1":{"name":"(anonymous_1)","decl":{"start":{"line":6,"column":9},"end":{"line":6,"column":10}},"loc":{"start":{"line":6,"column":20},"end":{"line":6,"column":47}},"line":6},"2":{"name":"(anonymous_2)","decl":{"start":{"line":7,"column":10},"end":{"line":7,"column":11}},"loc":{"start":{"line":7,"column":20},"end":{"line":7,"column":35}},"line":7},"3":{"name":"(anonymous_3)","decl":{"start":{"line":9,"column":9},"end":{"line":9,"column":10}},"loc":{"start":{"line":9,"column":33},"end":{"line":9,"column":44}},"line":9}},"branchMap":{},"s":{"0":2,"1":9,"2":5159,"3":42205,"4":5159},"f":{"0":9,"1":5159,"2":42205,"3":5159},"b":{},"_coverageSchema":"43e27e138ebf9cfc5966b082cf9a028302ed4184","hash":"25bc5f2df194b70e2eb38522be21998da94b0ca1"}
}
