{"/Users/juhatauriainen/Sites/misc/knapsack-playlist/src/types.ts": {"path":"/Users/juhatauriainen/Sites/misc/knapsack-playlist/src/types.ts","statementMap":{},"fnMap":{},"branchMap":{},"s":{},"f":{},"b":{},"hash":"72e231953c65d72126fc519daa3a97424d2d0e70"}
,"/Users/juhatauriainen/Sites/misc/knapsack-playlist/src/Algorithms/knapsack/knapsack.ts": {"path":"/Users/juhatauriainen/Sites/misc/knapsack-playlist/src/Algorithms/knapsack/knapsack.ts","statementMap":{"0":{"start":{"line":10,"column":26},"end":{"line":36,"column":1}},"1":{"start":{"line":15,"column":2},"end":{"line":17,"column":3}},"2":{"start":{"line":16,"column":4},"end":{"line":16,"column":14}},"3":{"start":{"line":19,"column":23},"end":{"line":19,"column":34}},"4":{"start":{"line":20,"column":34},"end":{"line":20,"column":79}},"5":{"start":{"line":22,"column":2},"end":{"line":24,"column":3}},"6":{"start":{"line":23,"column":4},"end":{"line":23,"column":35}},"7":{"start":{"line":26,"column":37},"end":{"line":30,"column":3}},"8":{"start":{"line":32,"column":2},"end":{"line":35,"column":52}},"9":{"start":{"line":44,"column":17},"end":{"line":56,"column":1}},"10":{"start":{"line":46,"column":2},"end":{"line":48,"column":3}},"11":{"start":{"line":47,"column":4},"end":{"line":47,"column":14}},"12":{"start":{"line":51,"column":2},"end":{"line":53,"column":3}},"13":{"start":{"line":52,"column":4},"end":{"line":52,"column":16}},"14":{"start":{"line":55,"column":2},"end":{"line":55,"column":61}}},"fnMap":{"0":{"name":"(anonymous_0)","decl":{"start":{"line":10,"column":26},"end":{"line":10,"column":27}},"loc":{"start":{"line":14,"column":20},"end":{"line":36,"column":1}},"line":14},"1":{"name":"(anonymous_1)","decl":{"start":{"line":44,"column":17},"end":{"line":44,"column":18}},"loc":{"start":{"line":44,"column":76},"end":{"line":56,"column":1}},"line":44}},"branchMap":{"0":{"loc":{"start":{"line":15,"column":2},"end":{"line":17,"column":3}},"type":"if","locations":[{"start":{"line":15,"column":2},"end":{"line":17,"column":3}},{"start":{"line":15,"column":2},"end":{"line":17,"column":3}}],"line":15},"1":{"loc":{"start":{"line":22,"column":2},"end":{"line":24,"column":3}},"type":"if","locations":[{"start":{"line":22,"column":2},"end":{"line":24,"column":3}},{"start":{"line":22,"column":2},"end":{"line":24,"column":3}}],"line":22},"2":{"loc":{"start":{"line":32,"column":9},"end":{"line":35,"column":51}},"type":"cond-expr","locations":[{"start":{"line":34,"column":6},"end":{"line":34,"column":29}},{"start":{"line":35,"column":6},"end":{"line":35,"column":51}}],"line":32},"3":{"loc":{"start":{"line":46,"column":2},"end":{"line":48,"column":3}},"type":"if","locations":[{"start":{"line":46,"column":2},"end":{"line":48,"column":3}},{"start":{"line":46,"column":2},"end":{"line":48,"column":3}}],"line":46},"4":{"loc":{"start":{"line":46,"column":6},"end":{"line":46,"column":41}},"type":"binary-expr","locations":[{"start":{"line":46,"column":6},"end":{"line":46,"column":20}},{"start":{"line":46,"column":24},"end":{"line":46,"column":41}}],"line":46},"5":{"loc":{"start":{"line":51,"column":2},"end":{"line":53,"column":3}},"type":"if","locations":[{"start":{"line":51,"column":2},"end":{"line":53,"column":3}},{"start":{"line":51,"column":2},"end":{"line":53,"column":3}}],"line":51}},"s":{"0":2,"1":11732940,"2":4438878,"3":7294062,"4":7294062,"5":7294062,"6":2855198,"7":4438864,"8":4438864,"9":2,"10":34,"11":8,"12":26,"13":12,"14":14},"f":{"0":11732940,"1":34},"b":{"0":[4438878,7294062],"1":[2855198,4438864],"2":[510997,3927867],"3":[8,26],"4":[34,28],"5":[12,14]},"_coverageSchema":"43e27e138ebf9cfc5966b082cf9a028302ed4184","hash":"c0da5561cc394469851421a8c4a15a692fce7d4c"}
,"/Users/juhatauriainen/Sites/misc/knapsack-playlist/src/Components/App/App.tsx": {"path":"/Users/juhatauriainen/Sites/misc/knapsack-playlist/src/Components/App/App.tsx","statementMap":{"0":{"start":{"line":24,"column":14},"end":{"line":24,"column":28}},"1":{"start":{"line":26,"column":29},"end":{"line":97,"column":1}},"2":{"start":{"line":32,"column":46},"end":{"line":34,"column":3}},"3":{"start":{"line":35,"column":34},"end":{"line":35,"column":74}},"4":{"start":{"line":36,"column":34},"end":{"line":36,"column":68}},"5":{"start":{"line":37,"column":54},"end":{"line":39,"column":3}},"6":{"start":{"line":40,"column":36},"end":{"line":40,"column":63}},"7":{"start":{"line":41,"column":48},"end":{"line":41,"column":72}},"8":{"start":{"line":43,"column":2},"end":{"line":50,"column":54}},"9":{"start":{"line":44,"column":4},"end":{"line":49,"column":5}},"10":{"start":{"line":45,"column":6},"end":{"line":45,"column":55}},"11":{"start":{"line":46,"column":6},"end":{"line":46,"column":25}},"12":{"start":{"line":47,"column":6},"end":{"line":47,"column":35}},"13":{"start":{"line":48,"column":6},"end":{"line":48,"column":31}},"14":{"start":{"line":52,"column":2},"end":{"line":96,"column":4}},"15":{"start":{"line":62,"column":12},"end":{"line":62,"column":30}},"16":{"start":{"line":63,"column":12},"end":{"line":63,"column":52}},"17":{"start":{"line":64,"column":12},"end":{"line":64,"column":59}},"18":{"start":{"line":65,"column":12},"end":{"line":65,"column":40}},"19":{"start":{"line":75,"column":16},"end":{"line":75,"column":34}},"20":{"start":{"line":76,"column":16},"end":{"line":76,"column":35}},"21":{"start":{"line":77,"column":16},"end":{"line":77,"column":42}},"22":{"start":{"line":78,"column":16},"end":{"line":78,"column":44}}},"fnMap":{"0":{"name":"(anonymous_0)","decl":{"start":{"line":26,"column":29},"end":{"line":26,"column":30}},"loc":{"start":{"line":31,"column":13},"end":{"line":97,"column":1}},"line":31},"1":{"name":"(anonymous_1)","decl":{"start":{"line":43,"column":12},"end":{"line":43,"column":13}},"loc":{"start":{"line":43,"column":18},"end":{"line":50,"column":3}},"line":43},"2":{"name":"(anonymous_2)","decl":{"start":{"line":61,"column":20},"end":{"line":61,"column":21}},"loc":{"start":{"line":61,"column":31},"end":{"line":66,"column":11}},"line":61},"3":{"name":"(anonymous_3)","decl":{"start":{"line":74,"column":24},"end":{"line":74,"column":25}},"loc":{"start":{"line":74,"column":46},"end":{"line":79,"column":15}},"line":74}},"branchMap":{"0":{"loc":{"start":{"line":27,"column":2},"end":{"line":27,"column":27}},"type":"default-arg","locations":[{"start":{"line":27,"column":26},"end":{"line":27,"column":27}}],"line":27},"1":{"loc":{"start":{"line":28,"column":2},"end":{"line":28,"column":25}},"type":"default-arg","locations":[{"start":{"line":28,"column":20},"end":{"line":28,"column":25}}],"line":28},"2":{"loc":{"start":{"line":29,"column":2},"end":{"line":29,"column":22}},"type":"default-arg","locations":[{"start":{"line":29,"column":20},"end":{"line":29,"column":22}}],"line":29},"3":{"loc":{"start":{"line":30,"column":2},"end":{"line":30,"column":35}},"type":"default-arg","locations":[{"start":{"line":30,"column":30},"end":{"line":30,"column":35}}],"line":30},"4":{"loc":{"start":{"line":44,"column":4},"end":{"line":49,"column":5}},"type":"if","locations":[{"start":{"line":44,"column":4},"end":{"line":49,"column":5}},{"start":{"line":44,"column":4},"end":{"line":49,"column":5}}],"line":44}},"s":{"0":1,"1":1,"2":45,"3":45,"4":45,"5":45,"6":45,"7":45,"8":45,"9":5,"10":1,"11":1,"12":1,"13":1,"14":45,"15":7,"16":7,"17":7,"18":7,"19":1,"20":1,"21":1,"22":1},"f":{"0":45,"1":5,"2":7,"3":1},"b":{"0":[28],"1":[30],"2":[28],"3":[28],"4":[1,4]},"_coverageSchema":"43e27e138ebf9cfc5966b082cf9a028302ed4184","hash":"e3b7f775bcd63d64822252b5723dafe7e50e4e80"}
,"/Users/juhatauriainen/Sites/misc/knapsack-playlist/src/Components/App/AppPlayer/AppPlayer.tsx": {"path":"/Users/juhatauriainen/Sites/misc/knapsack-playlist/src/Components/App/AppPlayer/AppPlayer.tsx","statementMap":{"0":{"start":{"line":14,"column":35},"end":{"line":40,"column":1}},"1":{"start":{"line":20,"column":2},"end":{"line":39,"column":14}}},"fnMap":{"0":{"name":"(anonymous_0)","decl":{"start":{"line":14,"column":35},"end":{"line":14,"column":36}},"loc":{"start":{"line":20,"column":2},"end":{"line":39,"column":14}},"line":20}},"branchMap":{"0":{"loc":{"start":{"line":21,"column":5},"end":{"line":23,"column":5}},"type":"binary-expr","locations":[{"start":{"line":21,"column":5},"end":{"line":21,"column":25}},{"start":{"line":22,"column":6},"end":{"line":22,"column":58}}],"line":21},"1":{"loc":{"start":{"line":25,"column":5},"end":{"line":28,"column":74}},"type":"binary-expr","locations":[{"start":{"line":25,"column":5},"end":{"line":25,"column":23}},{"start":{"line":26,"column":6},"end":{"line":26,"column":21}},{"start":{"line":27,"column":6},"end":{"line":27,"column":15}},{"start":{"line":28,"column":6},"end":{"line":28,"column":23}},{"start":{"line":28,"column":27},"end":{"line":28,"column":74}}],"line":25},"2":{"loc":{"start":{"line":30,"column":5},"end":{"line":35,"column":5}},"type":"binary-expr","locations":[{"start":{"line":30,"column":5},"end":{"line":30,"column":13}},{"start":{"line":31,"column":6},"end":{"line":34,"column":9}}],"line":30},"3":{"loc":{"start":{"line":36,"column":5},"end":{"line":38,"column":5}},"type":"binary-expr","locations":[{"start":{"line":36,"column":5},"end":{"line":36,"column":23}},{"start":{"line":36,"column":27},"end":{"line":36,"column":35}},{"start":{"line":36,"column":39},"end":{"line":36,"column":58}},{"start":{"line":37,"column":6},"end":{"line":37,"column":69}}],"line":36}},"s":{"0":2,"1":9},"f":{"0":9},"b":{"0":[9,3],"1":[9,6,3,2,1],"2":[9,2],"3":[9,6,6,4]},"_coverageSchema":"43e27e138ebf9cfc5966b082cf9a028302ed4184","hash":"593e0ce6d96c3cb410ae03e961d6ac67dd302261"}
,"/Users/juhatauriainen/Sites/misc/knapsack-playlist/src/Components/App/AppTitle/AppTitle.tsx": {"path":"/Users/juhatauriainen/Sites/misc/knapsack-playlist/src/Components/App/AppTitle/AppTitle.tsx","statementMap":{"0":{"start":{"line":4,"column":27},"end":{"line":14,"column":1}},"1":{"start":{"line":5,"column":2},"end":{"line":13,"column":14}}},"fnMap":{"0":{"name":"(anonymous_0)","decl":{"start":{"line":4,"column":27},"end":{"line":4,"column":28}},"loc":{"start":{"line":5,"column":2},"end":{"line":13,"column":14}},"line":5}},"branchMap":{},"s":{"0":2,"1":6},"f":{"0":6},"b":{},"_coverageSchema":"43e27e138ebf9cfc5966b082cf9a028302ed4184","hash":"99be32e55ee596cdd76ae643f28d227e279bc85d"}
,"/Users/juhatauriainen/Sites/misc/knapsack-playlist/src/Components/Duration/Duration.tsx": {"path":"/Users/juhatauriainen/Sites/misc/knapsack-playlist/src/Components/Duration/Duration.tsx","statementMap":{"0":{"start":{"line":7,"column":34},"end":{"line":24,"column":1}},"1":{"start":{"line":8,"column":18},"end":{"line":8,"column":42}},"2":{"start":{"line":9,"column":25},"end":{"line":9,"column":47}},"3":{"start":{"line":12,"column":4},"end":{"line":12,"column":69}},"4":{"start":{"line":15,"column":4},"end":{"line":17,"column":10}},"5":{"start":{"line":19,"column":2},"end":{"line":23,"column":4}}},"fnMap":{"0":{"name":"(anonymous_0)","decl":{"start":{"line":7,"column":34},"end":{"line":7,"column":35}},"loc":{"start":{"line":7,"column":58},"end":{"line":24,"column":1}},"line":7}},"branchMap":{"0":{"loc":{"start":{"line":12,"column":4},"end":{"line":12,"column":69}},"type":"cond-expr","locations":[{"start":{"line":12,"column":18},"end":{"line":12,"column":64}},{"start":{"line":12,"column":67},"end":{"line":12,"column":69}}],"line":12},"1":{"loc":{"start":{"line":12,"column":38},"end":{"line":12,"column":62}},"type":"cond-expr","locations":[{"start":{"line":12,"column":54},"end":{"line":12,"column":57}},{"start":{"line":12,"column":60},"end":{"line":12,"column":62}}],"line":12},"2":{"loc":{"start":{"line":15,"column":4},"end":{"line":17,"column":10}},"type":"cond-expr","locations":[{"start":{"line":16,"column":8},"end":{"line":16,"column":68}},{"start":{"line":17,"column":8},"end":{"line":17,"column":10}}],"line":15},"3":{"loc":{"start":{"line":16,"column":35},"end":{"line":16,"column":66}},"type":"cond-expr","locations":[{"start":{"line":16,"column":58},"end":{"line":16,"column":61}},{"start":{"line":16,"column":64},"end":{"line":16,"column":66}}],"line":16}},"s":{"0":9,"1":3025,"2":3025,"3":3025,"4":3025,"5":3025},"f":{"0":3025},"b":{"0":[3006,19],"1":[2914,92],"2":[2937,88],"3":[2900,37]},"_coverageSchema":"43e27e138ebf9cfc5966b082cf9a028302ed4184","hash":"5fdbfec0afdb32e75ec915e09f4f6467c4546bce"}
,"/Users/juhatauriainen/Sites/misc/knapsack-playlist/src/Components/EntertainmentSystem/EntertainmentSystem.tsx": {"path":"/Users/juhatauriainen/Sites/misc/knapsack-playlist/src/Components/EntertainmentSystem/EntertainmentSystem.tsx","statementMap":{"0":{"start":{"line":15,"column":45},"end":{"line":56,"column":1}},"1":{"start":{"line":16,"column":34},"end":{"line":16,"column":63}},"2":{"start":{"line":17,"column":40},"end":{"line":17,"column":70}},"3":{"start":{"line":18,"column":46},"end":{"line":18,"column":70}},"4":{"start":{"line":19,"column":25},"end":{"line":19,"column":41}},"5":{"start":{"line":20,"column":15},"end":{"line":20,"column":38}},"6":{"start":{"line":22,"column":2},"end":{"line":27,"column":13}},"7":{"start":{"line":23,"column":44},"end":{"line":23,"column":48}},"8":{"start":{"line":24,"column":4},"end":{"line":24,"column":33}},"9":{"start":{"line":25,"column":4},"end":{"line":25,"column":30}},"10":{"start":{"line":26,"column":4},"end":{"line":26,"column":29}},"11":{"start":{"line":29,"column":2},"end":{"line":31,"column":3}},"12":{"start":{"line":30,"column":4},"end":{"line":30,"column":49}},"13":{"start":{"line":33,"column":2},"end":{"line":55,"column":4}},"14":{"start":{"line":42,"column":36},"end":{"line":42,"column":44}},"15":{"start":{"line":43,"column":8},"end":{"line":48,"column":9}},"16":{"start":{"line":44,"column":10},"end":{"line":44,"column":35}},"17":{"start":{"line":45,"column":10},"end":{"line":45,"column":28}},"18":{"start":{"line":47,"column":10},"end":{"line":47,"column":34}},"19":{"start":{"line":51,"column":8},"end":{"line":51,"column":65}},"20":{"start":{"line":51,"column":48},"end":{"line":51,"column":62}},"21":{"start":{"line":52,"column":8},"end":{"line":52,"column":29}}},"fnMap":{"0":{"name":"(anonymous_0)","decl":{"start":{"line":15,"column":45},"end":{"line":15,"column":46}},"loc":{"start":{"line":15,"column":74},"end":{"line":56,"column":1}},"line":15},"1":{"name":"(anonymous_1)","decl":{"start":{"line":22,"column":12},"end":{"line":22,"column":13}},"loc":{"start":{"line":22,"column":18},"end":{"line":27,"column":3}},"line":22},"2":{"name":"(anonymous_2)","decl":{"start":{"line":41,"column":13},"end":{"line":41,"column":14}},"loc":{"start":{"line":41,"column":19},"end":{"line":49,"column":7}},"line":41},"3":{"name":"(anonymous_3)","decl":{"start":{"line":50,"column":16},"end":{"line":50,"column":17}},"loc":{"start":{"line":50,"column":26},"end":{"line":53,"column":7}},"line":50},"4":{"name":"(anonymous_4)","decl":{"start":{"line":51,"column":36},"end":{"line":51,"column":37}},"loc":{"start":{"line":51,"column":48},"end":{"line":51,"column":62}},"line":51}},"branchMap":{"0":{"loc":{"start":{"line":29,"column":2},"end":{"line":31,"column":3}},"type":"if","locations":[{"start":{"line":29,"column":2},"end":{"line":31,"column":3}},{"start":{"line":29,"column":2},"end":{"line":31,"column":3}}],"line":29},"1":{"loc":{"start":{"line":43,"column":8},"end":{"line":48,"column":9}},"type":"if","locations":[{"start":{"line":43,"column":8},"end":{"line":48,"column":9}},{"start":{"line":43,"column":8},"end":{"line":48,"column":9}}],"line":43}},"s":{"0":3,"1":21,"2":21,"3":21,"4":21,"5":21,"6":21,"7":5,"8":5,"9":5,"10":5,"11":21,"12":1,"13":20,"14":3,"15":3,"16":2,"17":2,"18":1,"19":1,"20":2,"21":1},"f":{"0":21,"1":5,"2":3,"3":1,"4":2},"b":{"0":[1,20],"1":[2,1]},"_coverageSchema":"43e27e138ebf9cfc5966b082cf9a028302ed4184","hash":"db08e021b039086b4081ee2da915ab867584ce53"}
,"/Users/juhatauriainen/Sites/misc/knapsack-playlist/src/Components/EntertainmentSystem/EntertainmentSystemContent/EntertainmentSystemContent.tsx": {"path":"/Users/juhatauriainen/Sites/misc/knapsack-playlist/src/Components/EntertainmentSystem/EntertainmentSystemContent/EntertainmentSystemContent.tsx","statementMap":{"0":{"start":{"line":20,"column":52},"end":{"line":74,"column":1}},"1":{"start":{"line":30,"column":2},"end":{"line":73,"column":5}}},"fnMap":{"0":{"name":"(anonymous_0)","decl":{"start":{"line":20,"column":52},"end":{"line":20,"column":53}},"loc":{"start":{"line":30,"column":2},"end":{"line":73,"column":5}},"line":30}},"branchMap":{"0":{"loc":{"start":{"line":40,"column":9},"end":{"line":51,"column":9}},"type":"binary-expr","locations":[{"start":{"line":40,"column":9},"end":{"line":40,"column":19}},{"start":{"line":41,"column":10},"end":{"line":50,"column":19}}],"line":40},"1":{"loc":{"start":{"line":52,"column":9},"end":{"line":57,"column":9}},"type":"binary-expr","locations":[{"start":{"line":52,"column":9},"end":{"line":52,"column":17}},{"start":{"line":53,"column":10},"end":{"line":56,"column":13}}],"line":52}},"s":{"0":4,"1":16},"f":{"0":16},"b":{"0":[16,11],"1":[16,5]},"_coverageSchema":"43e27e138ebf9cfc5966b082cf9a028302ed4184","hash":"2fdc36fd43a4008325ad055e6e2bdc357d033719"}
,"/Users/juhatauriainen/Sites/misc/knapsack-playlist/src/Components/EntertainmentSystem/EntertainmentSystemLastSongPlayed/EntertainmentSystemLastSongPlayed.tsx": {"path":"/Users/juhatauriainen/Sites/misc/knapsack-playlist/src/Components/EntertainmentSystem/EntertainmentSystemLastSongPlayed/EntertainmentSystemLastSongPlayed.tsx","statementMap":{"0":{"start":{"line":3,"column":52},"end":{"line":7,"column":1}},"1":{"start":{"line":4,"column":2},"end":{"line":6,"column":7}}},"fnMap":{"0":{"name":"(anonymous_0)","decl":{"start":{"line":3,"column":52},"end":{"line":3,"column":53}},"loc":{"start":{"line":4,"column":2},"end":{"line":6,"column":7}},"line":4}},"branchMap":{},"s":{"0":4,"1":1},"f":{"0":1},"b":{},"_coverageSchema":"43e27e138ebf9cfc5966b082cf9a028302ed4184","hash":"fd0c4634f6814c800f5c13448f11aa3eeefd118c"}
,"/Users/juhatauriainen/Sites/misc/knapsack-playlist/src/Components/Generator/Generator.tsx": {"path":"/Users/juhatauriainen/Sites/misc/knapsack-playlist/src/Components/Generator/Generator.tsx","statementMap":{"0":{"start":{"line":12,"column":35},"end":{"line":96,"column":1}},"1":{"start":{"line":17,"column":40},"end":{"line":17,"column":59}},"2":{"start":{"line":18,"column":46},"end":{"line":18,"column":65}},"3":{"start":{"line":20,"column":33},"end":{"line":20,"column":79}},"4":{"start":{"line":21,"column":35},"end":{"line":30,"column":3}},"5":{"start":{"line":32,"column":2},"end":{"line":95,"column":4}},"6":{"start":{"line":36,"column":10},"end":{"line":36,"column":52}},"7":{"start":{"line":53,"column":14},"end":{"line":65,"column":23}},"8":{"start":{"line":60,"column":18},"end":{"line":60,"column":39}},"9":{"start":{"line":61,"column":18},"end":{"line":61,"column":66}},"10":{"start":{"line":77,"column":14},"end":{"line":89,"column":23}},"11":{"start":{"line":84,"column":18},"end":{"line":84,"column":44}},"12":{"start":{"line":85,"column":18},"end":{"line":85,"column":68}}},"fnMap":{"0":{"name":"(anonymous_0)","decl":{"start":{"line":12,"column":35},"end":{"line":12,"column":36}},"loc":{"start":{"line":16,"column":13},"end":{"line":96,"column":1}},"line":16},"1":{"name":"(anonymous_1)","decl":{"start":{"line":35,"column":18},"end":{"line":35,"column":19}},"loc":{"start":{"line":35,"column":24},"end":{"line":37,"column":9}},"line":35},"2":{"name":"(anonymous_2)","decl":{"start":{"line":52,"column":40},"end":{"line":52,"column":41}},"loc":{"start":{"line":53,"column":14},"end":{"line":65,"column":23}},"line":53},"3":{"name":"(anonymous_3)","decl":{"start":{"line":59,"column":25},"end":{"line":59,"column":26}},"loc":{"start":{"line":59,"column":31},"end":{"line":62,"column":17}},"line":59},"4":{"name":"(anonymous_4)","decl":{"start":{"line":76,"column":42},"end":{"line":76,"column":43}},"loc":{"start":{"line":77,"column":14},"end":{"line":89,"column":23}},"line":77},"5":{"name":"(anonymous_5)","decl":{"start":{"line":83,"column":25},"end":{"line":83,"column":26}},"loc":{"start":{"line":83,"column":31},"end":{"line":86,"column":17}},"line":83}},"branchMap":{"0":{"loc":{"start":{"line":57,"column":18},"end":{"line":57,"column":56}},"type":"cond-expr","locations":[{"start":{"line":57,"column":41},"end":{"line":57,"column":51}},{"start":{"line":57,"column":54},"end":{"line":57,"column":56}}],"line":57},"1":{"loc":{"start":{"line":81,"column":18},"end":{"line":81,"column":61}},"type":"cond-expr","locations":[{"start":{"line":81,"column":46},"end":{"line":81,"column":56}},{"start":{"line":81,"column":59},"end":{"line":81,"column":61}}],"line":81}},"s":{"0":2,"1":11,"2":11,"3":11,"4":11,"5":11,"6":3,"7":99,"8":1,"9":1,"10":88,"11":1,"12":1},"f":{"0":11,"1":3,"2":99,"3":1,"4":88,"5":1},"b":{"0":[1,98],"1":[1,87]},"_coverageSchema":"43e27e138ebf9cfc5966b082cf9a028302ed4184","hash":"90d3084351c01b9f720f51f5eed28bbedb648fda"}
,"/Users/juhatauriainen/Sites/misc/knapsack-playlist/src/Components/Picker/Picker.tsx": {"path":"/Users/juhatauriainen/Sites/misc/knapsack-playlist/src/Components/Picker/Picker.tsx","statementMap":{"0":{"start":{"line":20,"column":32},"end":{"line":97,"column":1}},"1":{"start":{"line":21,"column":46},"end":{"line":21,"column":68}},"2":{"start":{"line":22,"column":30},"end":{"line":22,"column":50}},"3":{"start":{"line":23,"column":42},"end":{"line":23,"column":69}},"4":{"start":{"line":25,"column":26},"end":{"line":33,"column":3}},"5":{"start":{"line":26,"column":22},"end":{"line":26,"column":67}},"6":{"start":{"line":26,"column":52},"end":{"line":26,"column":66}},"7":{"start":{"line":28,"column":4},"end":{"line":32,"column":5}},"8":{"start":{"line":29,"column":6},"end":{"line":29,"column":71}},"9":{"start":{"line":29,"column":54},"end":{"line":29,"column":68}},"10":{"start":{"line":31,"column":6},"end":{"line":31,"column":47}},"11":{"start":{"line":35,"column":17},"end":{"line":35,"column":41}},"12":{"start":{"line":37,"column":2},"end":{"line":96,"column":4}},"13":{"start":{"line":40,"column":8},"end":{"line":40,"column":31}},"14":{"start":{"line":41,"column":8},"end":{"line":41,"column":65}},"15":{"start":{"line":53,"column":10},"end":{"line":53,"column":50}},"16":{"start":{"line":75,"column":10},"end":{"line":75,"column":34}},"17":{"start":{"line":82,"column":14},"end":{"line":84,"column":22}},"18":{"start":{"line":87,"column":14},"end":{"line":91,"column":16}},"19":{"start":{"line":89,"column":31},"end":{"line":89,"column":52}}},"fnMap":{"0":{"name":"(anonymous_0)","decl":{"start":{"line":20,"column":32},"end":{"line":20,"column":33}},"loc":{"start":{"line":20,"column":63},"end":{"line":97,"column":1}},"line":20},"1":{"name":"(anonymous_1)","decl":{"start":{"line":25,"column":26},"end":{"line":25,"column":27}},"loc":{"start":{"line":25,"column":49},"end":{"line":33,"column":3}},"line":25},"2":{"name":"(anonymous_2)","decl":{"start":{"line":26,"column":40},"end":{"line":26,"column":41}},"loc":{"start":{"line":26,"column":52},"end":{"line":26,"column":66}},"line":26},"3":{"name":"(anonymous_3)","decl":{"start":{"line":29,"column":42},"end":{"line":29,"column":43}},"loc":{"start":{"line":29,"column":54},"end":{"line":29,"column":68}},"line":29},"4":{"name":"(anonymous_4)","decl":{"start":{"line":39,"column":16},"end":{"line":39,"column":17}},"loc":{"start":{"line":39,"column":27},"end":{"line":42,"column":7}},"line":39},"5":{"name":"(anonymous_5)","decl":{"start":{"line":52,"column":18},"end":{"line":52,"column":19}},"loc":{"start":{"line":52,"column":34},"end":{"line":54,"column":9}},"line":52},"6":{"name":"(anonymous_6)","decl":{"start":{"line":74,"column":18},"end":{"line":74,"column":19}},"loc":{"start":{"line":74,"column":34},"end":{"line":76,"column":9}},"line":74},"7":{"name":"(anonymous_7)","decl":{"start":{"line":81,"column":20},"end":{"line":81,"column":21}},"loc":{"start":{"line":82,"column":14},"end":{"line":84,"column":22}},"line":82},"8":{"name":"(anonymous_8)","decl":{"start":{"line":86,"column":17},"end":{"line":86,"column":18}},"loc":{"start":{"line":87,"column":14},"end":{"line":91,"column":16}},"line":87},"9":{"name":"(anonymous_9)","decl":{"start":{"line":89,"column":25},"end":{"line":89,"column":26}},"loc":{"start":{"line":89,"column":31},"end":{"line":89,"column":52}},"line":89}},"branchMap":{"0":{"loc":{"start":{"line":28,"column":4},"end":{"line":32,"column":5}},"type":"if","locations":[{"start":{"line":28,"column":4},"end":{"line":32,"column":5}},{"start":{"line":28,"column":4},"end":{"line":32,"column":5}}],"line":28},"1":{"loc":{"start":{"line":82,"column":14},"end":{"line":84,"column":22}},"type":"cond-expr","locations":[{"start":{"line":83,"column":18},"end":{"line":83,"column":73}},{"start":{"line":84,"column":18},"end":{"line":84,"column":22}}],"line":82}},"s":{"0":2,"1":17,"2":17,"3":17,"4":17,"5":4,"6":1,"7":4,"8":1,"9":1,"10":3,"11":17,"12":17,"13":4,"14":4,"15":1,"16":1,"17":3014,"18":3012,"19":4},"f":{"0":17,"1":4,"2":1,"3":1,"4":4,"5":1,"6":1,"7":3014,"8":3012,"9":4},"b":{"0":[1,3],"1":[2,3012]},"_coverageSchema":"43e27e138ebf9cfc5966b082cf9a028302ed4184","hash":"55b886ee9de8b4a3a416c4cc2b8b65751b86a789"}
,"/Users/juhatauriainen/Sites/misc/knapsack-playlist/src/Components/Picker/PickerItem/PickerItem.tsx": {"path":"/Users/juhatauriainen/Sites/misc/knapsack-playlist/src/Components/Picker/PickerItem/PickerItem.tsx","statementMap":{"0":{"start":{"line":14,"column":36},"end":{"line":35,"column":1}},"1":{"start":{"line":15,"column":34},"end":{"line":15,"column":58}},"2":{"start":{"line":17,"column":2},"end":{"line":34,"column":4}},"3":{"start":{"line":21,"column":8},"end":{"line":21,"column":31}},"4":{"start":{"line":22,"column":8},"end":{"line":22,"column":22}}},"fnMap":{"0":{"name":"(anonymous_0)","decl":{"start":{"line":14,"column":36},"end":{"line":14,"column":37}},"loc":{"start":{"line":14,"column":66},"end":{"line":35,"column":1}},"line":14},"1":{"name":"(anonymous_1)","decl":{"start":{"line":20,"column":15},"end":{"line":20,"column":16}},"loc":{"start":{"line":20,"column":21},"end":{"line":23,"column":7}},"line":20}},"branchMap":{"0":{"loc":{"start":{"line":24,"column":17},"end":{"line":24,"column":50}},"type":"cond-expr","locations":[{"start":{"line":24,"column":28},"end":{"line":24,"column":45}},{"start":{"line":24,"column":48},"end":{"line":24,"column":50}}],"line":24}},"s":{"0":3,"1":2995,"2":2995,"3":1,"4":1},"f":{"0":2995,"1":1},"b":{"0":[1,2994]},"_coverageSchema":"43e27e138ebf9cfc5966b082cf9a028302ed4184","hash":"fca1082caadeab528579fd740810adf07d91a09b"}
,"/Users/juhatauriainen/Sites/misc/knapsack-playlist/src/Components/Player/Player.tsx": {"path":"/Users/juhatauriainen/Sites/misc/knapsack-playlist/src/Components/Player/Player.tsx","statementMap":{"0":{"start":{"line":9,"column":32},"end":{"line":11,"column":1}},"1":{"start":{"line":10,"column":2},"end":{"line":10,"column":79}}},"fnMap":{"0":{"name":"(anonymous_0)","decl":{"start":{"line":9,"column":32},"end":{"line":9,"column":33}},"loc":{"start":{"line":10,"column":2},"end":{"line":10,"column":79}},"line":10}},"branchMap":{},"s":{"0":5,"1":14},"f":{"0":14},"b":{},"_coverageSchema":"43e27e138ebf9cfc5966b082cf9a028302ed4184","hash":"ccba1108c4e18cec25fb42a12aaf71587fb152f2"}
,"/Users/juhatauriainen/Sites/misc/knapsack-playlist/src/Components/Playlist/Playlist.tsx": {"path":"/Users/juhatauriainen/Sites/misc/knapsack-playlist/src/Components/Playlist/Playlist.tsx","statementMap":{"0":{"start":{"line":14,"column":34},"end":{"line":22,"column":1}},"1":{"start":{"line":15,"column":2},"end":{"line":21,"column":8}},"2":{"start":{"line":18,"column":8},"end":{"line":18,"column":69}}},"fnMap":{"0":{"name":"(anonymous_0)","decl":{"start":{"line":14,"column":34},"end":{"line":14,"column":35}},"loc":{"start":{"line":15,"column":2},"end":{"line":21,"column":8}},"line":15},"1":{"name":"(anonymous_1)","decl":{"start":{"line":17,"column":16},"end":{"line":17,"column":17}},"loc":{"start":{"line":18,"column":8},"end":{"line":18,"column":69}},"line":18}},"branchMap":{},"s":{"0":5,"1":13,"2":19},"f":{"0":13,"1":19},"b":{},"_coverageSchema":"43e27e138ebf9cfc5966b082cf9a028302ed4184","hash":"de773d44db9ecac8025f0e5949a19bce81011302"}
,"/Users/juhatauriainen/Sites/misc/knapsack-playlist/src/Components/Playlist/PlaylistItem/PlaylistItem.tsx": {"path":"/Users/juhatauriainen/Sites/misc/knapsack-playlist/src/Components/Playlist/PlaylistItem/PlaylistItem.tsx","statementMap":{"0":{"start":{"line":12,"column":38},"end":{"line":22,"column":1}},"1":{"start":{"line":13,"column":2},"end":{"line":21,"column":9}},"2":{"start":{"line":13,"column":30},"end":{"line":13,"column":43}}},"fnMap":{"0":{"name":"(anonymous_0)","decl":{"start":{"line":12,"column":38},"end":{"line":12,"column":39}},"loc":{"start":{"line":13,"column":2},"end":{"line":21,"column":9}},"line":13},"1":{"name":"(anonymous_1)","decl":{"start":{"line":13,"column":24},"end":{"line":13,"column":25}},"loc":{"start":{"line":13,"column":30},"end":{"line":13,"column":43}},"line":13}},"branchMap":{},"s":{"0":6,"1":21,"2":1},"f":{"0":21,"1":1},"b":{},"_coverageSchema":"43e27e138ebf9cfc5966b082cf9a028302ed4184","hash":"25801166842fa6278b8637e6a623084c78541de0"}
,"/Users/juhatauriainen/Sites/misc/knapsack-playlist/src/Models/Youtube/Youtube.ts": {"path":"/Users/juhatauriainen/Sites/misc/knapsack-playlist/src/Models/Youtube/Youtube.ts","statementMap":{"0":{"start":{"line":3,"column":29},"end":{"line":2007,"column":1}},"1":{"start":{"line":2009,"column":21},"end":{"line":2009,"column":47}},"2":{"start":{"line":2009,"column":42},"end":{"line":2009,"column":47}}},"fnMap":{"0":{"name":"(anonymous_0)","decl":{"start":{"line":2009,"column":21},"end":{"line":2009,"column":22}},"loc":{"start":{"line":2009,"column":42},"end":{"line":2009,"column":47}},"line":2009}},"branchMap":{},"s":{"0":3,"1":3,"2":12},"f":{"0":12},"b":{},"_coverageSchema":"43e27e138ebf9cfc5966b082cf9a028302ed4184","hash":"bd2c037d61401b23628ff32cf93e6d42236a42df"}
,"/Users/juhatauriainen/Sites/misc/knapsack-playlist/src/Utils/math.ts": {"path":"/Users/juhatauriainen/Sites/misc/knapsack-playlist/src/Utils/math.ts","statementMap":{"0":{"start":{"line":3,"column":19},"end":{"line":3,"column":79}},"1":{"start":{"line":3,"column":68},"end":{"line":3,"column":79}},"2":{"start":{"line":5,"column":26},"end":{"line":6,"column":28}},"3":{"start":{"line":6,"column":2},"end":{"line":6,"column":28}},"4":{"start":{"line":8,"column":22},"end":{"line":8,"column":49}},"5":{"start":{"line":8,"column":36},"end":{"line":8,"column":49}}},"fnMap":{"0":{"name":"(anonymous_0)","decl":{"start":{"line":3,"column":19},"end":{"line":3,"column":20}},"loc":{"start":{"line":3,"column":68},"end":{"line":3,"column":79}},"line":3},"1":{"name":"(anonymous_1)","decl":{"start":{"line":5,"column":26},"end":{"line":5,"column":27}},"loc":{"start":{"line":6,"column":2},"end":{"line":6,"column":28}},"line":6},"2":{"name":"(anonymous_2)","decl":{"start":{"line":8,"column":22},"end":{"line":8,"column":23}},"loc":{"start":{"line":8,"column":36},"end":{"line":8,"column":49}},"line":8}},"branchMap":{},"s":{"0":8,"1":8391303,"2":8,"3":8877876,"4":8,"5":4201},"f":{"0":8391303,"1":8877876,"2":4201},"b":{},"_coverageSchema":"43e27e138ebf9cfc5966b082cf9a028302ed4184","hash":"f8d61f64086e1e84f44d68852b2acb5efbdf45f0"}
,"/Users/juhatauriainen/Sites/misc/knapsack-playlist/src/Utils/utils.ts": {"path":"/Users/juhatauriainen/Sites/misc/knapsack-playlist/src/Utils/utils.ts","statementMap":{"0":{"start":{"line":4,"column":15},"end":{"line":10,"column":17}},"1":{"start":{"line":5,"column":2},"end":{"line":10,"column":17}},"2":{"start":{"line":6,"column":20},"end":{"line":6,"column":47}},"3":{"start":{"line":7,"column":20},"end":{"line":7,"column":35}},"4":{"start":{"line":9,"column":33},"end":{"line":9,"column":44}}},"fnMap":{"0":{"name":"(anonymous_0)","decl":{"start":{"line":4,"column":15},"end":{"line":4,"column":16}},"loc":{"start":{"line":5,"column":2},"end":{"line":10,"column":17}},"line":5},"1":{"name":"(anonymous_1)","decl":{"start":{"line":6,"column":9},"end":{"line":6,"column":10}},"loc":{"start":{"line":6,"column":20},"end":{"line":6,"column":47}},"line":6},"2":{"name":"(anonymous_2)","decl":{"start":{"line":7,"column":10},"end":{"line":7,"column":11}},"loc":{"start":{"line":7,"column":20},"end":{"line":7,"column":35}},"line":7},"3":{"name":"(anonymous_3)","decl":{"start":{"line":9,"column":9},"end":{"line":9,"column":10}},"loc":{"start":{"line":9,"column":33},"end":{"line":9,"column":44}},"line":9}},"branchMap":{},"s":{"0":2,"1":9,"2":4200,"3":33187,"4":4200},"f":{"0":9,"1":4200,"2":33187,"3":4200},"b":{},"_coverageSchema":"43e27e138ebf9cfc5966b082cf9a028302ed4184","hash":"1ad4f8abc4ae52af044fcf80be749d43d54d5847"}
}
