TN:
SF:/home/runner/work/knapsack-playlist/knapsack-playlist/src/types.ts
FNF:0
FNH:0
LF:0
LH:0
BRF:0
BRH:0
end_of_record
TN:
SF:/home/runner/work/knapsack-playlist/knapsack-playlist/src/Algorithms/knapsack/knapsack.ts
FN:4,(anonymous_0)
FN:30,(anonymous_1)
FNF:2
FNH:2
FNDA:13603855,(anonymous_0)
FNDA:33,(anonymous_1)
DA:4,1
DA:9,13603855
DA:10,6558152
DA:13,7045703
DA:14,7045703
DA:15,487577
DA:18,6558126
DA:24,6558126
DA:30,1
DA:31,33
DA:32,7
DA:35,26
LF:12
LH:12
BRDA:9,0,0,6558152
BRDA:9,0,1,7045703
BRDA:14,1,0,487577
BRDA:14,1,1,6558126
BRDA:24,2,0,495208
BRDA:24,2,1,6062918
BRDA:31,3,0,7
BRDA:31,3,1,26
BRDA:31,4,0,33
BRDA:31,4,1,27
BRF:10
BRH:10
end_of_record
TN:
SF:/home/runner/work/knapsack-playlist/knapsack-playlist/src/Components/App/App.tsx
FN:7,(anonymous_0)
FNF:1
FNH:1
FNDA:1,(anonymous_0)
DA:7,1
DA:8,1
LF:2
LH:2
BRF:0
BRH:0
end_of_record
TN:
SF:/home/runner/work/knapsack-playlist/knapsack-playlist/src/Models/Youtube/Youtube.ts
FN:619,(anonymous_0)
FNF:1
FNH:1
FNDA:11,(anonymous_0)
DA:3,2
DA:619,11
LF:2
LH:2
BRF:0
BRH:0
end_of_record
TN:
SF:/home/runner/work/knapsack-playlist/knapsack-playlist/src/Utils/math.ts
FN:3,(anonymous_0)
FN:5,(anonymous_1)
FNF:2
FNH:2
FNDA:12578530,(anonymous_0)
FNDA:13116275,(anonymous_1)
DA:3,12578530
DA:5,13116275
LF:2
LH:2
BRF:0
BRH:0
end_of_record
