TN:
SF:/home/runner/work/knapsack-playlist/knapsack-playlist/src/types.ts
FNF:0
FNH:0
LF:0
LH:0
BRF:0
BRH:0
end_of_record
TN:
SF:/home/runner/work/knapsack-playlist/knapsack-playlist/src/Algorithms/knapsack/knapsack.ts
FN:11,(anonymous_0)
FN:55,(anonymous_1)
FN:94,(anonymous_2)
FNF:3
FNH:3
FNDA:221999782,(anonymous_0)
FNDA:12,(anonymous_1)
FNDA:32,(anonymous_2)
DA:11,2
DA:16,221999782
DA:17,4907081
DA:20,217092701
DA:21,217092701
DA:27,217092701
DA:28,212185641
DA:31,4907060
DA:37,4907060
DA:39,4907060
DA:43,1318476
DA:46,3588584
DA:55,2
DA:60,12
DA:61,12
DA:67,12
DA:68,3
DA:71,9
DA:77,9
DA:79,9
DA:82,1
DA:85,8
DA:94,2
DA:95,32
DA:96,32
DA:99,32
DA:100,7
DA:104,25
DA:106,13
DA:107,137
DA:110,13
DA:113,12
LF:32
LH:32
BRDA:16,0,0,4907081
BRDA:16,0,1,217092701
BRDA:27,1,0,212185641
BRDA:27,1,1,4907060
BRDA:39,2,0,1318476
BRDA:39,2,1,3588584
BRDA:67,3,0,3
BRDA:67,3,1,9
BRDA:79,4,0,1
BRDA:79,4,1,8
BRDA:99,5,0,7
BRDA:99,5,1,25
BRDA:99,6,0,32
BRDA:99,6,1,27
BRDA:104,7,0,13
BRDA:104,7,1,12
BRF:16
BRH:16
end_of_record
TN:
SF:/home/runner/work/knapsack-playlist/knapsack-playlist/src/Algorithms/knapsack-dynamic/knapsack-dynamic.ts
FN:15,knapsackDynamic
FNF:1
FNH:1
FNDA:5,knapsackDynamic
DA:19,5
DA:22,5
DA:25,5
DA:26,14
DA:27,14
DA:28,2119
DA:32,5
DA:33,9
DA:34,9
DA:35,9
DA:37,9
DA:38,798
DA:40,9
DA:43,789
DA:45,789
DA:47,4
DA:50,4
DA:54,4
DA:56,785
DA:63,5
DA:64,5
DA:65,5
DA:66,9
DA:67,9
DA:69,9
DA:70,789
DA:72,789
DA:73,9
DA:74,3
DA:80,5
LF:30
LH:30
BRDA:38,0,0,9
BRDA:38,0,1,789
BRDA:38,1,0,798
BRDA:38,1,1,798
BRDA:45,2,0,4
BRDA:45,2,1,785
BRDA:45,3,0,789
BRDA:45,3,1,789
BRDA:47,4,0,4
BRDA:47,4,1,4
BRDA:50,5,0,4
BRDA:50,5,1,0
BRDA:50,6,0,4
BRDA:50,6,1,3
BRDA:72,7,0,9
BRDA:72,7,1,780
BRDA:73,8,0,3
BRDA:73,8,1,6
BRF:18
BRH:17
end_of_record
TN:
SF:/home/runner/work/knapsack-playlist/knapsack-playlist/src/Algorithms/quicksort/quicksort.ts
FN:9,(anonymous_0)
FN:16,(anonymous_1)
FN:46,(anonymous_2)
FN:71,(anonymous_3)
FNF:4
FNH:4
FNDA:1145,(anonymous_0)
FNDA:27,(anonymous_1)
FNDA:29,(anonymous_2)
FNDA:7,(anonymous_3)
DA:9,4
DA:10,1145
DA:11,1145
DA:12,1145
DA:16,4
DA:17,27
DA:18,27
DA:19,27
DA:21,27
DA:22,1145
DA:23,870
DA:26,1145
DA:27,505
DA:32,1145
DA:33,1145
DA:34,1145
DA:37,27
DA:46,4
DA:51,29
DA:52,27
DA:53,27
DA:54,19
DA:57,8
DA:58,3
DA:62,7
DA:71,4
DA:74,7
DA:75,7
DA:76,2017
DA:79,7
LF:30
LH:30
BRDA:51,0,0,27
BRDA:51,0,1,2
BRDA:53,1,0,19
BRDA:53,1,1,8
BRDA:57,2,0,3
BRDA:57,2,1,5
BRF:6
BRH:6
end_of_record
TN:
SF:/home/runner/work/knapsack-playlist/knapsack-playlist/src/Components/App/App.tsx
FN:24,(anonymous_0)
FN:41,(anonymous_1)
FN:60,(anonymous_2)
FN:78,(anonymous_3)
FNF:4
FNH:4
FNDA:45,(anonymous_0)
FNDA:5,(anonymous_1)
FNDA:7,(anonymous_2)
FNDA:1,(anonymous_3)
DA:22,1
DA:24,1
DA:30,45
DA:33,45
DA:34,45
DA:35,45
DA:38,45
DA:39,45
DA:41,45
DA:42,5
DA:43,1
DA:44,1
DA:45,1
DA:46,1
DA:50,45
DA:61,7
DA:62,7
DA:64,7
DA:65,7
DA:66,7
DA:68,7
DA:69,7
DA:79,1
DA:80,1
DA:81,1
DA:82,1
LF:26
LH:26
BRDA:25,0,0,28
BRDA:26,1,0,30
BRDA:27,2,0,28
BRDA:28,3,0,28
BRDA:42,4,0,1
BRDA:42,4,1,4
BRF:6
BRH:6
end_of_record
TN:
SF:/home/runner/work/knapsack-playlist/knapsack-playlist/src/Components/App/AppPlayer/AppPlayer.tsx
FN:14,(anonymous_0)
FNF:1
FNH:1
FNDA:11,(anonymous_0)
DA:14,2
DA:20,11
LF:2
LH:2
BRDA:33,0,0,11
BRDA:33,0,1,4
BRDA:37,1,0,11
BRDA:37,1,1,7
BRDA:37,1,2,3
BRDA:37,1,3,2
BRDA:37,1,4,1
BRDA:42,2,0,11
BRDA:42,2,1,3
BRDA:49,3,0,11
BRDA:49,3,1,7
BRDA:49,3,2,7
BRDA:49,3,3,4
BRF:13
BRH:13
end_of_record
TN:
SF:/home/runner/work/knapsack-playlist/knapsack-playlist/src/Components/App/AppTitle/AppTitle.tsx
FN:4,(anonymous_0)
FNF:1
FNH:1
FNDA:6,(anonymous_0)
DA:4,2
DA:5,6
LF:2
LH:2
BRF:0
BRH:0
end_of_record
TN:
SF:/home/runner/work/knapsack-playlist/knapsack-playlist/src/Components/Duration/Duration.tsx
FN:7,(anonymous_0)
FNF:1
FNH:1
FNDA:85,(anonymous_0)
DA:7,9
DA:8,85
DA:9,85
DA:12,85
DA:15,85
DA:19,85
LF:6
LH:6
BRDA:12,0,0,81
BRDA:12,0,1,4
BRDA:12,1,0,54
BRDA:12,1,1,27
BRDA:15,2,0,57
BRDA:15,2,1,28
BRDA:16,3,0,55
BRDA:16,3,1,2
BRF:8
BRH:8
end_of_record
TN:
SF:/home/runner/work/knapsack-playlist/knapsack-playlist/src/Components/EntertainmentSystem/EntertainmentSystem.tsx
FN:15,(anonymous_0)
FN:24,(anonymous_1)
FN:49,(anonymous_2)
FN:63,(anonymous_3)
FN:65,(anonymous_4)
FNF:5
FNH:5
FNDA:22,(anonymous_0)
FNDA:4,(anonymous_1)
FNDA:3,(anonymous_2)
FNDA:1,(anonymous_3)
FNDA:2,(anonymous_4)
DA:15,3
DA:16,22
DA:17,22
DA:20,22
DA:21,22
DA:22,22
DA:24,22
DA:25,4
DA:26,4
DA:27,4
DA:29,4
DA:31,4
DA:32,4
DA:35,22
DA:36,2
DA:39,20
DA:50,3
DA:51,3
DA:53,3
DA:55,3
DA:56,2
DA:57,2
DA:59,1
DA:60,1
DA:64,1
DA:65,2
DA:66,1
DA:67,1
DA:68,1
LF:29
LH:29
BRDA:35,0,0,2
BRDA:35,0,1,20
BRDA:44,1,0,20
BRDA:44,1,1,2
BRDA:55,2,0,2
BRDA:55,2,1,1
BRF:6
BRH:6
end_of_record
TN:
SF:/home/runner/work/knapsack-playlist/knapsack-playlist/src/Components/EntertainmentSystem/EntertainmentSystemContent/EntertainmentSystemContent.tsx
FN:20,(anonymous_0)
FNF:1
FNH:1
FNDA:15,(anonymous_0)
DA:20,4
DA:30,15
LF:2
LH:2
BRDA:40,0,0,15
BRDA:40,0,1,10
BRDA:52,1,0,15
BRDA:52,1,1,5
BRF:4
BRH:4
end_of_record
TN:
SF:/home/runner/work/knapsack-playlist/knapsack-playlist/src/Components/EntertainmentSystem/EntertainmentSystemLastSongPlayed/EntertainmentSystemLastSongPlayed.tsx
FN:3,(anonymous_0)
FNF:1
FNH:1
FNDA:1,(anonymous_0)
DA:3,4
DA:4,1
LF:2
LH:2
BRF:0
BRH:0
end_of_record
TN:
SF:/home/runner/work/knapsack-playlist/knapsack-playlist/src/Components/Generator/Generator.tsx
FN:22,(anonymous_0)
FN:58,(anonymous_1)
FN:77,(anonymous_2)
FN:84,(anonymous_3)
FN:116,(anonymous_4)
FN:123,(anonymous_5)
FN:147,(anonymous_6)
FN:154,(anonymous_7)
FNF:8
FNH:8
FNDA:19,(anonymous_0)
FNDA:5,(anonymous_1)
FNDA:171,(anonymous_2)
FNDA:2,(anonymous_3)
FNDA:171,(anonymous_4)
FNDA:1,(anonymous_5)
FNDA:152,(anonymous_6)
FNDA:2,(anonymous_7)
DA:22,2
DA:28,19
DA:29,19
DA:30,19
DA:34,19
DA:35,19
DA:36,19
DA:37,19
DA:38,19
DA:39,19
DA:40,19
DA:41,19
DA:42,19
DA:43,19
DA:45,19
DA:46,19
DA:47,19
DA:48,19
DA:49,19
DA:50,19
DA:51,19
DA:52,19
DA:53,19
DA:55,19
DA:59,5
DA:78,171
DA:85,2
DA:87,2
DA:89,2
DA:91,2
DA:117,171
DA:124,1
DA:125,1
DA:126,1
DA:127,1
DA:148,152
DA:155,2
DA:156,2
LF:38
LH:38
BRDA:82,0,0,7
BRDA:82,0,1,164
BRDA:121,1,0,7
BRDA:121,1,1,164
BRDA:152,2,0,2
BRDA:152,2,1,150
BRF:6
BRH:6
end_of_record
TN:
SF:/home/runner/work/knapsack-playlist/knapsack-playlist/src/Components/Picker/Picker.tsx
FN:21,(anonymous_0)
FN:27,(anonymous_1)
FN:28,(anonymous_2)
FN:34,(anonymous_3)
FN:47,(anonymous_4)
FN:62,(anonymous_5)
FN:81,(anonymous_6)
FN:103,(anonymous_7)
FN:112,(anonymous_8)
FN:122,(anonymous_9)
FN:126,(anonymous_10)
FN:129,(anonymous_11)
FNF:12
FNH:12
FNDA:21,(anonymous_0)
FNDA:4,(anonymous_1)
FNDA:1,(anonymous_2)
FNDA:1,(anonymous_3)
FNDA:4076,(anonymous_4)
FNDA:4,(anonymous_5)
FNDA:1,(anonymous_6)
FNDA:1,(anonymous_7)
FNDA:1,(anonymous_8)
FNDA:102,(anonymous_9)
FNDA:6,(anonymous_10)
FNDA:4,(anonymous_11)
DA:21,2
DA:22,21
DA:23,21
DA:24,21
DA:25,21
DA:27,21
DA:28,4
DA:29,4
DA:31,4
DA:32,1
DA:34,1
DA:36,1
DA:38,3
DA:39,3
DA:42,4
DA:45,21
DA:48,4076
DA:53,21
DA:54,21
DA:55,4072
DA:58,21
DA:60,21
DA:63,4
DA:64,4
DA:82,1
DA:104,1
DA:105,1
DA:113,1
DA:123,102
DA:126,6
DA:129,4
LF:31
LH:31
BRDA:31,0,0,1
BRDA:31,0,1,3
BRDA:48,1,0,4
BRDA:48,1,1,4072
BRF:4
BRH:4
end_of_record
TN:
SF:/home/runner/work/knapsack-playlist/knapsack-playlist/src/Components/Picker/PickerItem/PickerItem.tsx
FN:15,(anonymous_0)
FN:18,(anonymous_1)
FNF:2
FNH:2
FNDA:55,(anonymous_0)
FNDA:1,(anonymous_1)
DA:15,3
DA:16,55
DA:19,1
LF:3
LH:3
BRDA:21,0,0,1
BRDA:21,0,1,54
BRF:2
BRH:2
end_of_record
TN:
SF:/home/runner/work/knapsack-playlist/knapsack-playlist/src/Components/Player/Player.tsx
FN:9,(anonymous_0)
FNF:1
FNH:1
FNDA:13,(anonymous_0)
DA:9,5
DA:10,13
LF:2
LH:2
BRF:0
BRH:0
end_of_record
TN:
SF:/home/runner/work/knapsack-playlist/knapsack-playlist/src/Components/Playlist/Playlist.tsx
FN:15,(anonymous_0)
FN:20,(anonymous_1)
FNF:2
FNH:2
FNDA:12,(anonymous_0)
FNDA:18,(anonymous_1)
DA:15,5
DA:16,12
DA:21,18
LF:3
LH:3
BRF:0
BRH:0
end_of_record
TN:
SF:/home/runner/work/knapsack-playlist/knapsack-playlist/src/Components/Playlist/PlaylistItem/PlaylistItem.tsx
FN:12,(anonymous_0)
FN:13,(anonymous_1)
FNF:2
FNH:2
FNDA:20,(anonymous_0)
FNDA:1,(anonymous_1)
DA:12,6
DA:13,20
LF:2
LH:2
BRF:0
BRH:0
end_of_record
TN:
SF:/home/runner/work/knapsack-playlist/knapsack-playlist/src/Datastructures/ArrayList/ArrayList.ts
FN:9,(anonymous_0)
FN:15,(anonymous_1)
FN:21,(anonymous_2)
FN:33,(anonymous_3)
FN:44,(anonymous_4)
FN:58,(anonymous_5)
FN:65,(anonymous_6)
FN:78,(anonymous_7)
FN:93,(anonymous_8)
FN:106,(anonymous_9)
FN:111,(anonymous_10)
FN:116,(anonymous_11)
FN:127,(anonymous_12)
FNF:13
FNH:13
FNDA:4907659,(anonymous_0)
FNDA:4935712,(anonymous_1)
FNDA:2641323,(anonymous_2)
FNDA:4935712,(anonymous_3)
FNDA:42,(anonymous_4)
FNDA:11,(anonymous_5)
FNDA:98,(anonymous_6)
FNDA:25,(anonymous_7)
FNDA:108,(anonymous_8)
FNDA:5300768,(anonymous_9)
FNDA:217109719,(anonymous_10)
FNDA:3080,(anonymous_11)
FNDA:9814796,(anonymous_12)
DA:10,4907659
DA:11,4907659
DA:16,4935712
DA:23,2641323
DA:25,2641323
DA:26,11310
DA:29,2641323
DA:34,4935712
DA:35,2641323
DA:38,4935712
DA:39,4935712
DA:45,42
DA:47,42
DA:49,42
DA:50,303
DA:53,42
DA:59,11
DA:60,11
DA:66,98
DA:67,98
DA:69,98
DA:70,648
DA:73,98
DA:79,25
DA:80,25
DA:82,25
DA:83,4085
DA:84,4076
DA:88,25
DA:94,108
DA:96,108
DA:97,12
DA:98,5
DA:102,103
DA:107,5300768
DA:112,217109719
DA:117,3080
DA:128,9814796
DA:129,9814796
DA:130,14466906
DA:131,12176498
DA:135,9814796
LF:42
LH:42
BRDA:34,0,0,2641323
BRDA:34,0,1,2294389
BRDA:83,1,0,4076
BRDA:83,1,1,9
BRDA:97,2,0,5
BRDA:97,2,1,7
BRDA:130,3,0,12176498
BRDA:130,3,1,2290408
BRF:8
BRH:8
end_of_record
TN:
SF:/home/runner/work/knapsack-playlist/knapsack-playlist/src/Datastructures/queue/queue.ts
FN:8,(anonymous_0)
FN:13,(anonymous_1)
FN:18,(anonymous_2)
FN:24,(anonymous_3)
FN:30,(anonymous_4)
FN:36,(anonymous_5)
FN:42,(anonymous_6)
FN:48,(anonymous_7)
FN:59,(anonymous_8)
FN:65,(anonymous_9)
FNF:10
FNH:10
FNDA:4907328,(anonymous_0)
FNDA:199,(anonymous_1)
FNDA:150,(anonymous_2)
FNDA:187,(anonymous_3)
FNDA:9814175,(anonymous_4)
FNDA:217092876,(anonymous_5)
FNDA:13,(anonymous_6)
FNDA:63,(anonymous_7)
FNDA:4920022,(anonymous_8)
FNDA:10,(anonymous_9)
DA:9,4907328
DA:14,199
DA:19,150
DA:25,187
DA:31,9814175
DA:37,217092876
DA:43,13
DA:49,63
DA:51,63
DA:52,254
DA:59,4907328
DA:60,4920022
DA:66,10
LF:13
LH:13
BRDA:49,0,0,12
BRDA:49,0,1,51
BRF:2
BRH:2
end_of_record
TN:
SF:/home/runner/work/knapsack-playlist/knapsack-playlist/src/Models/Youtube/Youtube.ts
FN:4017,(anonymous_0)
FNF:1
FNH:1
FNDA:12,(anonymous_0)
DA:4,3
DA:4011,3
DA:4013,3
DA:4014,2376
DA:4017,12
LF:5
LH:5
BRF:0
BRH:0
end_of_record
TN:
SF:/home/runner/work/knapsack-playlist/knapsack-playlist/src/Utils/math.ts
FN:5,(anonymous_0)
FN:7,(anonymous_1)
FN:12,(anonymous_2)
FN:22,(anonymous_3)
FN:28,(anonymous_4)
FNF:5
FNH:5
FNDA:39426,(anonymous_0)
FNDA:191,(anonymous_1)
FNDA:1016,(anonymous_2)
FNDA:1016,(anonymous_3)
FNDA:9814182,(anonymous_4)
DA:5,39426
DA:7,15
DA:8,191
DA:12,15
DA:13,1016
DA:15,1016
DA:17,1016
DA:19,1016
DA:22,15
DA:23,1016
DA:25,1016
DA:28,15
DA:29,9814182
DA:30,2266165
DA:33,7548017
DA:34,7548017
DA:35,12112585
DA:38,7548017
LF:18
LH:18
BRDA:19,0,0,616
BRDA:19,0,1,400
BRDA:29,1,0,2266165
BRDA:29,1,1,7548017
BRF:4
BRH:4
end_of_record
TN:
SF:/home/runner/work/knapsack-playlist/knapsack-playlist/src/Utils/testHelpers.ts
FN:4,(anonymous_0)
FNF:1
FNH:1
FNDA:9,(anonymous_0)
DA:4,3
DA:5,9
DA:7,9
DA:8,10130
DA:15,9
LF:5
LH:5
BRDA:4,0,0,1
BRF:1
BRH:1
end_of_record
TN:
SF:/home/runner/work/knapsack-playlist/knapsack-playlist/src/Utils/utils.ts
FN:13,(anonymous_0)
FN:17,(anonymous_1)
FN:19,(anonymous_2)
FNF:3
FNH:3
FNDA:3,(anonymous_0)
FNDA:14,(anonymous_1)
FNDA:14,(anonymous_2)
DA:13,3
DA:17,14
DA:19,14
LF:3
LH:3
BRF:0
BRH:0
end_of_record
